
--- Job Z_N3_MotivatingExample_Cost.gms Start 04/20/16 19:28:16 24.5.6 r55090 WEX-WEI x86 64bit/MS Windows
GAMS 24.5.6   Copyright (C) 1987-2015 GAMS Development. All rights reserved
Licensee: Department of Chemical & Biological EngineeringG151026:1254AO-GEN
          University of Wisconsin - Madison                          DC4923
          License for teaching and research at degree granting institutions
--- Starting compilation
--- Z_N3_MotivatingExample_Cost.gms(21) 2 Mb
--- .ConfigurationFile.gms(69) 2 Mb
--- ..MasterFile.gms(17) 3 Mb
--- ...NetworkN3.gms(109) 3 Mb
--- ..MasterFile.gms(18) 3 Mb
--- ...Model9.gms(523) 3 Mb
--- ..MasterFile.gms(149) 3 Mb
--- ...ModelSolution9.gms(289) 3 Mb
--- ..MasterFile.gms(301) 3 Mb
--- .ConfigurationFile.gms(76) 3 Mb
--- Z_N3_MotivatingExample_Cost.gms(21) 3 Mb
--- Starting execution: elapsed 0:00:00.010
--- Z_N3_MotivatingExample_Cost.gms(851) 4 Mb
--- Generating MIP model MIN_COST
--- Z_N3_MotivatingExample_Cost.gms(1069) 4 Mb
--- LOOPS run = run1
---       calc = calc0
---   768 rows  759 columns  2,142 non-zeroes
---   317 discrete-columns
--- Executing CPLEX: elapsed 0:00:00.107

IBM ILOG CPLEX   24.5.6 r55090 Released Nov 27, 2015 WEI x86 64bit/MS Windows 
--- GAMS/Cplex licensed for continuous and discrete problems.
Cplex 12.6.2.0

Reading data...
Starting Cplex...
Space for names approximately 0.04 Mb
Use option 'names no' to turn use of names off
Found incumbent of value 211200.000000 after 0.00 sec. (0.07 ticks)
Tried aggregator 3 times.
MIP Presolve eliminated 349 rows and 354 columns.
Aggregator did 247 substitutions.
Reduced MIP has 172 rows, 158 columns, and 562 nonzeros.
Reduced MIP has 63 binaries, 0 generals, 0 SOSs, and 0 indicators.
Presolve time = 0.00 sec. (1.28 ticks)
Probing fixed 0 vars, tightened 30 bounds.
Probing time = 0.00 sec. (0.29 ticks)
Tried aggregator 1 time.
Reduced MIP has 172 rows, 158 columns, and 562 nonzeros.
Reduced MIP has 63 binaries, 0 generals, 0 SOSs, and 0 indicators.
Presolve time = 0.00 sec. (0.32 ticks)
Probing time = 0.00 sec. (0.27 ticks)
Clique table members: 162.
MIP emphasis: balance optimality and feasibility.
MIP search method: dynamic search.
Parallel mode: none, using 1 thread.
Tried aggregator 1 time.
LP Presolve eliminated 50 rows and 4 columns.
Aggregator did 50 substitutions.
Reduced LP has 72 rows, 104 columns, and 348 nonzeros.
Presolve time = 0.00 sec. (0.13 ticks)
Initializing dual steep norms . . .

Iteration log . . .
Iteration:     1   Dual objective     =        -26400.000000
Initializing dual steep norms . . .
Root relaxation solution time = 0.00 sec. (0.26 ticks)

        Nodes                                         Cuts/
   Node  Left     Objective  IInf  Best Integer    Best Bound    ItCnt     Gap

*     0+    0                       211200.0000     3200.0000            98.48%
Found incumbent of value 211200.000000 after 0.08 sec. (2.76 ticks)
*     0     0      integral     0    26400.0000    26400.0000        3    0.00%
Elapsed time = 0.09 sec. (2.79 ticks, tree = 0.00 MB, solutions = 2)
Found incumbent of value 26400.000000 after 0.09 sec. (2.79 ticks)

Root node processing (before b&c):
  Real time             =    0.09 sec. (2.82 ticks)
Sequential b&c:
  Real time             =    0.00 sec. (0.00 ticks)
                          ------------
Total (root+branch&cut) =    0.09 sec. (2.82 ticks)
MIP status(101): integer optimal solution
Cplex Time: 0.09sec (det. 2.82 ticks)
Fixing integer variables, and solving final LP...
Tried aggregator 1 time.
LP Presolve eliminated 729 rows and 714 columns.
Aggregator did 30 substitutions.
Reduced LP has 9 rows, 15 columns, and 24 nonzeros.
Presolve time = 0.00 sec. (0.30 ticks)
Initializing dual steep norms . . .

Iteration log . . .
Iteration:     1   Dual objective     =         23200.000000
Fixed MIP status(1): optimal
Cplex Time: 0.00sec (det. 0.58 ticks)

Proven optimal solution.

MIP Solution:        26400.000000    (3 iterations, 0 nodes)
Final Solve:         26400.000000    (3 iterations)

Best possible:       26400.000000
Absolute gap:            0.000000
Relative gap:            0.000000

--- Restarting execution
--- Z_N3_MotivatingExample_Cost.gms(1069) 3 Mb
--- Reading solution for model MIN_COST
--- Executing after solve: elapsed 0:00:00.283
--- Z_N3_MotivatingExample_Cost.gms(851) 3 Mb
--- Generating RMIP model MIN_COST
--- Z_N3_MotivatingExample_Cost.gms(1142) 4 Mb
--- LOOPS run = run1
---       calc = calc0
---   768 rows  759 columns  2,142 non-zeroes
---   317 discrete-columns
--- Executing CPLEX: elapsed 0:00:00.370

IBM ILOG CPLEX   24.5.6 r55090 Released Nov 27, 2015 WEI x86 64bit/MS Windows 
--- GAMS/Cplex licensed for continuous and discrete problems.
Cplex 12.6.2.0

Reading data...
Starting Cplex...
Space for names approximately 0.04 Mb
Use option 'names no' to turn use of names off
Tried aggregator 1 time.
LP Presolve eliminated 414 rows and 411 columns.
Aggregator did 204 substitutions.
Reduced LP has 150 rows, 144 columns, and 526 nonzeros.
Presolve time = 0.00 sec. (0.46 ticks)
Initializing dual steep norms . . .

Iteration log . . .
Iteration:     1   Scaled dual infeas =            37.000000
Iteration:    36   Dual objective     =          5600.000000
LP status(1): optimal
Cplex Time: 0.00sec (det. 0.92 ticks)

Optimal solution found.
Objective :       26400.000000

--- Restarting execution
--- Z_N3_MotivatingExample_Cost.gms(1142) 3 Mb
--- Reading solution for model MIN_COST
--- Executing after solve: elapsed 0:00:00.421
--- Z_N3_MotivatingExample_Cost.gms(851) 3 Mb
--- Generating MIP model MIN_COST
--- Z_N3_MotivatingExample_Cost.gms(1069) 4 Mb
--- LOOPS run = run1
---       calc = calc1
---   768 rows  759 columns  2,142 non-zeroes
---   317 discrete-columns
--- Executing CPLEX: elapsed 0:00:00.547

IBM ILOG CPLEX   24.5.6 r55090 Released Nov 27, 2015 WEI x86 64bit/MS Windows 
--- GAMS/Cplex licensed for continuous and discrete problems.
Cplex 12.6.2.0

Reading data...
Starting Cplex...
Space for names approximately 0.04 Mb
Use option 'names no' to turn use of names off
Found incumbent of value 283200.000000 after 0.00 sec. (0.07 ticks)
Tried aggregator 3 times.
MIP Presolve eliminated 343 rows and 346 columns.
Aggregator did 248 substitutions.
Reduced MIP has 177 rows, 165 columns, and 576 nonzeros.
Reduced MIP has 63 binaries, 0 generals, 0 SOSs, and 0 indicators.
Presolve time = 0.00 sec. (1.28 ticks)
Probing fixed 0 vars, tightened 28 bounds.
Probing time = 0.00 sec. (0.29 ticks)
Tried aggregator 1 time.
Reduced MIP has 177 rows, 165 columns, and 576 nonzeros.
Reduced MIP has 63 binaries, 0 generals, 0 SOSs, and 0 indicators.
Presolve time = 0.03 sec. (0.33 ticks)
Probing fixed 0 vars, tightened 2 bounds.
Probing time = 0.00 sec. (0.27 ticks)
Clique table members: 160.
MIP emphasis: balance optimality and feasibility.
MIP search method: dynamic search.
Parallel mode: none, using 1 thread.
Tried aggregator 1 time.
LP Presolve eliminated 50 rows and 4 columns.
Aggregator did 50 substitutions.
Reduced LP has 77 rows, 111 columns, and 362 nonzeros.
Presolve time = 0.00 sec. (0.14 ticks)
Initializing dual steep norms . . .

Iteration log . . .
Iteration:     1   Dual objective     =        -31200.000000
Initializing dual steep norms . . .
Root relaxation solution time = 0.00 sec. (0.31 ticks)

        Nodes                                         Cuts/
   Node  Left     Objective  IInf  Best Integer    Best Bound    ItCnt     Gap

*     0+    0                       283200.0000        0.0000           100.00%
Found incumbent of value 283200.000000 after 0.03 sec. (2.82 ticks)
      0     0    21803.0000    10   283200.0000    21803.0000       16   92.30%
*     0+    0                        48352.0000    21803.0000            54.91%
Found incumbent of value 48352.000000 after 0.03 sec. (3.23 ticks)
      0     0    23071.2667    17    48352.0000      Cuts: 17       46   52.28%
*     0+    0                        31005.0000    23071.2667            25.59%
Found incumbent of value 31005.000000 after 0.03 sec. (4.62 ticks)
      0     0    24015.9794    24    31005.0000      Cuts: 35       87   22.54%
      0     0    24145.9320    23    31005.0000      Cuts: 30      106   22.12%
      0     0    24256.4056    23    31005.0000      Cuts: 15      119   21.77%
      0     0    24299.4797    20    31005.0000      Cuts: 20      129   21.63%
      0     0    24620.0303    21    31005.0000      Cuts: 21      148   20.59%
      0     0    24821.2343    24    31005.0000      Cuts: 16      172   19.94%
      0     0    24940.0343    26    31005.0000      Cuts: 16      194   19.56%
      0     0    24940.8408    26    31005.0000       Cuts: 4      196   19.56%
      0     2    24940.8408    25    31005.0000    24956.1145      196   19.51%
Elapsed time = 0.08 sec. (19.92 ticks, tree = 0.00 MB, solutions = 3)

Implied bound cuts applied:  4
Flow cuts applied:  7
Mixed integer rounding cuts applied:  13
Gomory fractional cuts applied:  1

Root node processing (before b&c):
  Real time             =    0.08 sec. (19.93 ticks)
Sequential b&c:
  Real time             =    0.00 sec. (7.20 ticks)
                          ------------
Total (root+branch&cut) =    0.08 sec. (27.14 ticks)
MIP status(101): integer optimal solution
Cplex Time: 0.08sec (det. 27.14 ticks)
Fixing integer variables, and solving final LP...
Tried aggregator 1 time.
LP Presolve eliminated 708 rows and 688 columns.
Aggregator did 46 substitutions.
Reduced LP has 14 rows, 25 columns, and 42 nonzeros.
Presolve time = 0.00 sec. (0.31 ticks)
Initializing dual steep norms . . .

Iteration log . . .
Iteration:     1   Dual objective     =         19405.000000
Fixed MIP status(1): optimal
Cplex Time: 0.00sec (det. 0.60 ticks)

Proven optimal solution.

MIP Solution:        31005.000000    (613 iterations, 38 nodes)
Final Solve:         31005.000000    (7 iterations)

Best possible:       31005.000000
Absolute gap:            0.000000
Relative gap:            0.000000

--- Restarting execution
--- Z_N3_MotivatingExample_Cost.gms(1069) 3 Mb
--- Reading solution for model MIN_COST
--- Executing after solve: elapsed 0:00:00.795
--- Z_N3_MotivatingExample_Cost.gms(851) 3 Mb
--- Generating RMIP model MIN_COST
--- Z_N3_MotivatingExample_Cost.gms(1142) 4 Mb
--- LOOPS run = run1
---       calc = calc1
---   768 rows  759 columns  2,142 non-zeroes
---   317 discrete-columns
--- Executing CPLEX: elapsed 0:00:00.873

IBM ILOG CPLEX   24.5.6 r55090 Released Nov 27, 2015 WEI x86 64bit/MS Windows 
--- GAMS/Cplex licensed for continuous and discrete problems.
Cplex 12.6.2.0

Reading data...
Starting Cplex...
Space for names approximately 0.04 Mb
Use option 'names no' to turn use of names off
Tried aggregator 1 time.
LP Presolve eliminated 408 rows and 403 columns.
Aggregator did 207 substitutions.
Reduced LP has 153 rows, 149 columns, and 536 nonzeros.
Presolve time = 0.02 sec. (0.46 ticks)

Iteration log . . .
Iteration:     1   Scaled dual infeas =          1953.800000
Iteration:    22   Dual objective     =       -160361.000000
Iteration:    89   Dual objective     =         21803.000000
LP status(1): optimal
Cplex Time: 0.02sec (det. 1.52 ticks)

Optimal solution found.
Objective :       21803.000000

--- Restarting execution
--- Z_N3_MotivatingExample_Cost.gms(1142) 3 Mb
--- Reading solution for model MIN_COST
--- Executing after solve: elapsed 0:00:00.934
--- Z_N3_MotivatingExample_Cost.gms(851) 3 Mb
--- Generating MIP model MIN_COST
--- Z_N3_MotivatingExample_Cost.gms(1069) 4 Mb
--- LOOPS run = run1
---       calc = calc2
---   768 rows  759 columns  2,142 non-zeroes
---   317 discrete-columns
--- Executing CPLEX: elapsed 0:00:01.030

IBM ILOG CPLEX   24.5.6 r55090 Released Nov 27, 2015 WEI x86 64bit/MS Windows 
--- GAMS/Cplex licensed for continuous and discrete problems.
Cplex 12.6.2.0

Reading data...
Starting Cplex...
Space for names approximately 0.04 Mb
Use option 'names no' to turn use of names off
Tried aggregator 3 times.
MIP Presolve eliminated 281 rows and 283 columns.
Aggregator did 285 substitutions.
Reduced MIP has 202 rows, 191 columns, and 662 nonzeros.
Reduced MIP has 71 binaries, 0 generals, 0 SOSs, and 0 indicators.
Presolve time = 0.00 sec. (1.32 ticks)
Found incumbent of value 412000.000000 after 0.00 sec. (1.70 ticks)
Probing fixed 0 vars, tightened 37 bounds.
Probing time = 0.00 sec. (0.36 ticks)
Tried aggregator 1 time.
Reduced MIP has 202 rows, 191 columns, and 662 nonzeros.
Reduced MIP has 71 binaries, 0 generals, 0 SOSs, and 0 indicators.
Presolve time = 0.01 sec. (0.37 ticks)
Probing fixed 0 vars, tightened 4 bounds.
Probing time = 0.00 sec. (0.32 ticks)
Clique table members: 162.
MIP emphasis: balance optimality and feasibility.
MIP search method: dynamic search.
Parallel mode: none, using 1 thread.
Tried aggregator 1 time.
LP Presolve eliminated 58 rows and 4 columns.
Aggregator did 58 substitutions.
Reduced LP has 86 rows, 129 columns, and 416 nonzeros.
Presolve time = 0.00 sec. (0.16 ticks)
Initializing dual steep norms . . .

Iteration log . . .
Iteration:     1   Dual objective     =       -110398.800000
Initializing dual steep norms . . .
Root relaxation solution time = 0.02 sec. (0.38 ticks)

        Nodes                                         Cuts/
   Node  Left     Objective  IInf  Best Integer    Best Bound    ItCnt     Gap

*     0+    0                       412000.0000   -52800.0000           112.82%
Found incumbent of value 412000.000000 after 0.03 sec. (3.38 ticks)
      0     0    17702.5000     9   412000.0000    17702.5000       29   95.70%
*     0+    0                        51702.0000    17702.5000            65.76%
Found incumbent of value 51702.000000 after 0.03 sec. (3.86 ticks)
      0     0    19353.1250    13    51702.0000      Cuts: 18       57   62.57%
      0     0    19811.5909    16    51702.0000      Cuts: 28       98   61.68%
*     0+    0                        34604.0000    19811.5909            42.75%
Found incumbent of value 34604.000000 after 0.03 sec. (6.91 ticks)
      0     0    19880.1250    14    34604.0000      Cuts: 18      114   42.55%
      0     0    19935.4167    14    34604.0000      Cuts: 15      129   42.39%
      0     0    20100.3107    16    34604.0000      Cuts: 22      143   41.91%
      0     0    20196.9737    20    34604.0000      Cuts: 14      164   41.63%
      0     0    20241.0971    26    34604.0000      Cuts: 14      175   41.51%
      0     0    20290.0078    23    34604.0000    MIRcuts: 8      184   41.37%
*     0+    0                        34604.0000    20290.0078            41.37%
Found incumbent of value 34603.999996 after 0.05 sec. (19.39 ticks)
      0     2    20290.0078    23    34604.0000    20290.0078      184   41.37%
Elapsed time = 0.05 sec. (19.60 ticks, tree = 0.00 MB, solutions = 4)

Clique cuts applied:  4
Flow cuts applied:  2
Mixed integer rounding cuts applied:  18
Gomory fractional cuts applied:  1

Root node processing (before b&c):
  Real time             =    0.05 sec. (19.62 ticks)
Sequential b&c:
  Real time             =    0.01 sec. (9.45 ticks)
                          ------------
Total (root+branch&cut) =    0.06 sec. (29.07 ticks)
MIP status(101): integer optimal solution
Cplex Time: 0.06sec (det. 29.07 ticks)
Fixing integer variables, and solving final LP...
Tried aggregator 1 time.
LP Presolve eliminated 696 rows and 677 columns.
Aggregator did 58 substitutions.
Reduced LP has 14 rows, 24 columns, and 41 nonzeros.
Presolve time = 0.00 sec. (0.32 ticks)
Initializing dual steep norms . . .

Iteration log . . .
Iteration:     1   Dual objective     =         14603.999995
Fixed MIP status(1): optimal
Cplex Time: 0.00sec (det. 0.61 ticks)

Proven optimal solution.

MIP Solution:        34603.999996    (814 iterations, 54 nodes)
Final Solve:         34603.999990    (7 iterations)

Best possible:       34603.999996
Absolute gap:            0.000000
Relative gap:            0.000000

--- Restarting execution
--- Z_N3_MotivatingExample_Cost.gms(1069) 3 Mb
--- Reading solution for model MIN_COST
--- Executing after solve: elapsed 0:00:01.165
--- Z_N3_MotivatingExample_Cost.gms(851) 3 Mb
--- Generating RMIP model MIN_COST
--- Z_N3_MotivatingExample_Cost.gms(1142) 4 Mb
--- LOOPS run = run1
---       calc = calc2
---   768 rows  759 columns  2,142 non-zeroes
---   317 discrete-columns
--- Executing CPLEX: elapsed 0:00:01.215

IBM ILOG CPLEX   24.5.6 r55090 Released Nov 27, 2015 WEI x86 64bit/MS Windows 
--- GAMS/Cplex licensed for continuous and discrete problems.
Cplex 12.6.2.0

Reading data...
Starting Cplex...
Space for names approximately 0.04 Mb
Use option 'names no' to turn use of names off
Tried aggregator 1 time.
LP Presolve eliminated 356 rows and 348 columns.
Aggregator did 238 substitutions.
Reduced LP has 174 rows, 173 columns, and 608 nonzeros.
Presolve time = 0.00 sec. (0.47 ticks)

Iteration log . . .
Iteration:     1   Scaled dual infeas =          4337.800000
Iteration:    21   Dual objective     =       -414753.000000
Iteration:    88   Dual objective     =        -13792.200000
LP status(1): optimal
Cplex Time: 0.02sec (det. 1.66 ticks)

Optimal solution found.
Objective :       17702.500000

--- Restarting execution
--- Z_N3_MotivatingExample_Cost.gms(1142) 3 Mb
--- Reading solution for model MIN_COST
--- Executing after solve: elapsed 0:00:01.284
--- Z_N3_MotivatingExample_Cost.gms(851) 3 Mb
--- Generating MIP model MIN_COST
--- Z_N3_MotivatingExample_Cost.gms(1069) 4 Mb
--- LOOPS run = run1
---       calc = calc3
---   768 rows  759 columns  2,142 non-zeroes
---   317 discrete-columns
--- Executing CPLEX: elapsed 0:00:01.337

IBM ILOG CPLEX   24.5.6 r55090 Released Nov 27, 2015 WEI x86 64bit/MS Windows 
--- GAMS/Cplex licensed for continuous and discrete problems.
Cplex 12.6.2.0

Reading data...
Starting Cplex...
Space for names approximately 0.04 Mb
Use option 'names no' to turn use of names off
Tried aggregator 3 times.
MIP Presolve eliminated 205 rows and 208 columns.
Aggregator did 331 substitutions.
Reduced MIP has 232 rows, 220 columns, and 761 nonzeros.
Reduced MIP has 81 binaries, 0 generals, 0 SOSs, and 0 indicators.
Presolve time = 0.00 sec. (1.38 ticks)
Found incumbent of value 484500.000000 after 0.02 sec. (1.80 ticks)
Probing fixed 0 vars, tightened 54 bounds.
Probing time = 0.00 sec. (0.43 ticks)
Tried aggregator 1 time.
Reduced MIP has 232 rows, 220 columns, and 761 nonzeros.
Reduced MIP has 81 binaries, 0 generals, 0 SOSs, and 0 indicators.
Presolve time = 0.00 sec. (0.43 ticks)
Probing fixed 0 vars, tightened 1 bounds.
Probing time = 0.00 sec. (0.37 ticks)
Clique table members: 168.
MIP emphasis: balance optimality and feasibility.
MIP search method: dynamic search.
Parallel mode: none, using 1 thread.
Tried aggregator 1 time.
LP Presolve eliminated 68 rows and 4 columns.
Aggregator did 68 substitutions.
Reduced LP has 96 rows, 148 columns, and 475 nonzeros.
Presolve time = 0.00 sec. (0.18 ticks)
Initializing dual steep norms . . .

Iteration log . . .
Iteration:     1   Dual objective     =       -116195.800000
Initializing dual steep norms . . .
Root relaxation solution time = 0.00 sec. (0.43 ticks)

        Nodes                                         Cuts/
   Node  Left     Objective  IInf  Best Integer    Best Bound    ItCnt     Gap

*     0+    0                       484500.0000   -58600.0000           112.09%
Found incumbent of value 484500.000000 after 0.02 sec. (3.73 ticks)
      0     0    12902.5000     9   484500.0000    12902.5000       30   97.34%
*     0+    0                        63352.0000    12902.5000            79.63%
Found incumbent of value 63352.000000 after 0.02 sec. (4.33 ticks)
      0     0    14653.1250    10    63352.0000      Cuts: 18       63   76.87%
      0     0    16542.7650    11    63352.0000      Cuts: 26      102   73.89%
*     0+    0                        38204.0000    16542.7650            56.70%
Found incumbent of value 38204.000000 after 0.02 sec. (7.26 ticks)
      0     0    20512.2833    21    38204.0000      Cuts: 15      142   46.31%
      0     0    20638.6000    16    38204.0000      Cuts: 27      160   45.98%
      0     0    20772.6667    20    38204.0000      Cuts: 17      166   45.63%
      0     0    20838.6667    13    38204.0000       Cuts: 5      172   45.45%
      0     0    20927.0357    15    38204.0000       Cuts: 5      174   45.22%
      0     0    20927.0357    18    38204.0000    MIRcuts: 4      176   45.22%
      0     0    20941.1786    18    38204.0000    MIRcuts: 2      177   45.19%
      0     0    20941.1786    18    38204.0000    MIRcuts: 3      178   45.19%
*     0+    0                        38204.0000    20941.1786            45.19%
Found incumbent of value 38203.999993 after 0.05 sec. (23.95 ticks)
      0     2    20941.1786    18    38204.0000    22486.2000      178   41.14%
Elapsed time = 0.05 sec. (24.17 ticks, tree = 0.00 MB, solutions = 4)
*    20+    7                        31907.0000    23969.0667            24.88%
Found incumbent of value 31907.000000 after 0.05 sec. (28.67 ticks)
*    20+    7                        31408.0000    23969.0667            23.68%
Found incumbent of value 31408.000000 after 0.05 sec. (29.18 ticks)
*    30+    7                        31407.0000    30406.2500             3.19%
Found incumbent of value 31407.000000 after 0.05 sec. (30.89 ticks)
*    40    12      integral     0    31158.0000    30407.0000      490    2.41%
Found incumbent of value 31158.000000 after 0.05 sec. (31.76 ticks)
*    50+    8                        30908.0000    30568.7750             1.10%
Found incumbent of value 30908.000000 after 0.05 sec. (32.89 ticks)

Clique cuts applied:  3
Flow cuts applied:  6
Mixed integer rounding cuts applied:  22
Gomory fractional cuts applied:  1

Root node processing (before b&c):
  Real time             =    0.05 sec. (24.22 ticks)
Sequential b&c:
  Real time             =    0.00 sec. (10.14 ticks)
                          ------------
Total (root+branch&cut) =    0.05 sec. (34.35 ticks)
MIP status(101): integer optimal solution
Cplex Time: 0.05sec (det. 34.36 ticks)
Fixing integer variables, and solving final LP...
Tried aggregator 1 time.
LP Presolve eliminated 688 rows and 669 columns.
Aggregator did 65 substitutions.
Reduced LP has 15 rows, 25 columns, and 44 nonzeros.
Presolve time = 0.00 sec. (0.32 ticks)
Initializing dual steep norms . . .

Iteration log . . .
Iteration:     1   Dual objective     =          9708.000000
Fixed MIP status(1): optimal
Cplex Time: 0.00sec (det. 0.61 ticks)

Proven optimal solution.

MIP Solution:        30908.000000    (591 iterations, 58 nodes)
Final Solve:         30908.000000    (8 iterations)

Best possible:       30908.000000
Absolute gap:            0.000000
Relative gap:            0.000000

--- Restarting execution
--- Z_N3_MotivatingExample_Cost.gms(1069) 3 Mb
--- Reading solution for model MIN_COST
--- Executing after solve: elapsed 0:00:01.456
--- Z_N3_MotivatingExample_Cost.gms(851) 3 Mb
--- Generating RMIP model MIN_COST
--- Z_N3_MotivatingExample_Cost.gms(1142) 4 Mb
--- LOOPS run = run1
---       calc = calc3
---   768 rows  759 columns  2,142 non-zeroes
---   317 discrete-columns
--- Executing CPLEX: elapsed 0:00:01.501

IBM ILOG CPLEX   24.5.6 r55090 Released Nov 27, 2015 WEI x86 64bit/MS Windows 
--- GAMS/Cplex licensed for continuous and discrete problems.
Cplex 12.6.2.0

Reading data...
Starting Cplex...
Space for names approximately 0.04 Mb
Use option 'names no' to turn use of names off
Tried aggregator 1 time.
LP Presolve eliminated 292 rows and 283 columns.
Aggregator did 276 substitutions.
Reduced LP has 200 rows, 200 columns, and 699 nonzeros.
Presolve time = 0.02 sec. (0.48 ticks)

Iteration log . . .
Iteration:     1   Scaled dual infeas =          6289.800000
Iteration:    22   Dual objective     =       -403445.000000
Iteration:    91   Dual objective     =         -6490.200000
LP status(1): optimal
Cplex Time: 0.03sec (det. 1.72 ticks)

Optimal solution found.
Objective :       12902.500000

--- Restarting execution
--- Z_N3_MotivatingExample_Cost.gms(1142) 3 Mb
--- Reading solution for model MIN_COST
--- Executing after solve: elapsed 0:00:01.575
--- Z_N3_MotivatingExample_Cost.gms(851) 3 Mb
--- Generating MIP model MIN_COST
--- Z_N3_MotivatingExample_Cost.gms(1069) 4 Mb
--- LOOPS run = run1
---       calc = calc4
---   768 rows  759 columns  2,142 non-zeroes
---   317 discrete-columns
--- Executing CPLEX: elapsed 0:00:01.627

IBM ILOG CPLEX   24.5.6 r55090 Released Nov 27, 2015 WEI x86 64bit/MS Windows 
--- GAMS/Cplex licensed for continuous and discrete problems.
Cplex 12.6.2.0

Reading data...
Starting Cplex...
Space for names approximately 0.04 Mb
Use option 'names no' to turn use of names off
Tried aggregator 4 times.
MIP Presolve eliminated 255 rows and 251 columns.
MIP Presolve modified 14 coefficients.
Aggregator did 320 substitutions.
Reduced MIP has 193 rows, 188 columns, and 656 nonzeros.
Reduced MIP has 76 binaries, 0 generals, 0 SOSs, and 0 indicators.
Presolve time = 0.00 sec. (1.61 ticks)
Found incumbent of value 186500.000000 after 0.00 sec. (2.01 ticks)
Probing fixed 0 vars, tightened 63 bounds.
Probing time = 0.00 sec. (0.38 ticks)
Tried aggregator 1 time.
Reduced MIP has 193 rows, 188 columns, and 656 nonzeros.
Reduced MIP has 76 binaries, 4 generals, 0 SOSs, and 0 indicators.
Presolve time = 0.00 sec. (0.37 ticks)
Probing fixed 0 vars, tightened 3 bounds.
Probing time = 0.00 sec. (0.34 ticks)
Clique table members: 128.
MIP emphasis: balance optimality and feasibility.
MIP search method: dynamic search.
Parallel mode: none, using 1 thread.
Tried aggregator 1 time.
LP Presolve eliminated 52 rows and 4 columns.
Aggregator did 53 substitutions.
Reduced LP has 88 rows, 131 columns, and 430 nonzeros.
Presolve time = 0.00 sec. (0.15 ticks)
Initializing dual steep norms . . .

Iteration log . . .
Iteration:     1   Dual objective     =        -44797.000000
Initializing dual steep norms . . .
Root relaxation solution time = 0.00 sec. (0.43 ticks)

        Nodes                                         Cuts/
   Node  Left     Objective  IInf  Best Integer    Best Bound    ItCnt     Gap

*     0+    0                       186500.0000   -16798.0000           109.01%
Found incumbent of value 186500.000000 after 0.01 sec. (3.77 ticks)
      0     0    25580.4750    20   186500.0000    25580.4750       37   86.28%
*     0+    0                        64155.0000    25580.4750            60.13%
Found incumbent of value 64155.000000 after 0.01 sec. (4.17 ticks)
      0     0    34738.5375    18    64155.0000      Cuts: 33       79   45.85%
*     0+    0                        38806.0000    34738.5375            10.48%
Found incumbent of value 38806.000000 after 0.01 sec. (6.67 ticks)
      0     0    36491.1461    18    38806.0000      Cuts: 22      107    5.97%
      0     0    36671.6709     8    38806.0000      Cuts: 12      130    5.50%
*     0+    0                        38507.0000    36671.6709             4.77%
Found incumbent of value 38507.000000 after 0.01 sec. (9.58 ticks)
      0     0    36672.2250    20    38507.0000      Cuts: 15      138    4.76%
      0     0    36705.9918    18    38507.0000      Cuts: 18      154    4.68%
      0     0    36758.5026    18    38507.0000       Cuts: 7      158    4.54%
      0     2    36758.5026    17    38507.0000    37161.1558      158    3.50%
Elapsed time = 0.03 sec. (19.83 ticks, tree = 0.00 MB, solutions = 4)

Flow cuts applied:  7
Mixed integer rounding cuts applied:  21
Gomory fractional cuts applied:  3

Root node processing (before b&c):
  Real time             =    0.03 sec. (19.85 ticks)
Sequential b&c:
  Real time             =    0.00 sec. (1.01 ticks)
                          ------------
Total (root+branch&cut) =    0.03 sec. (20.87 ticks)
MIP status(101): integer optimal solution
Cplex Time: 0.03sec (det. 20.87 ticks)
Fixing integer variables, and solving final LP...
Tried aggregator 1 time.
LP Presolve eliminated 714 rows and 695 columns.
Aggregator did 38 substitutions.
Reduced LP has 16 rows, 26 columns, and 46 nonzeros.
Presolve time = 0.00 sec. (0.31 ticks)
Initializing dual steep norms . . .

Iteration log . . .
Iteration:     1   Dual objective     =          9707.000000
Fixed MIP status(1): optimal
Cplex Time: 0.00sec (det. 0.60 ticks)

Proven optimal solution.

MIP Solution:        38507.000000    (213 iterations, 10 nodes)
Final Solve:         38507.000000    (8 iterations)

Best possible:       38507.000000
Absolute gap:            0.000000
Relative gap:            0.000000

--- Restarting execution
--- Z_N3_MotivatingExample_Cost.gms(1069) 3 Mb
--- Reading solution for model MIN_COST
--- Executing after solve: elapsed 0:00:01.729
--- Z_N3_MotivatingExample_Cost.gms(851) 3 Mb
--- Generating RMIP model MIN_COST
--- Z_N3_MotivatingExample_Cost.gms(1142) 4 Mb
--- LOOPS run = run1
---       calc = calc4
---   768 rows  759 columns  2,142 non-zeroes
---   317 discrete-columns
--- Executing CPLEX: elapsed 0:00:01.780

IBM ILOG CPLEX   24.5.6 r55090 Released Nov 27, 2015 WEI x86 64bit/MS Windows 
--- GAMS/Cplex licensed for continuous and discrete problems.
Cplex 12.6.2.0

Reading data...
Starting Cplex...
Space for names approximately 0.04 Mb
Use option 'names no' to turn use of names off
Tried aggregator 1 time.
LP Presolve eliminated 324 rows and 320 columns.
Aggregator did 253 substitutions.
Reduced LP has 191 rows, 186 columns, and 652 nonzeros.
Presolve time = 0.00 sec. (0.47 ticks)

Iteration log . . .
Iteration:     1   Scaled dual infeas =           371.800000
Iteration:    22   Dual objective     =       -408550.000000
Iteration:    89   Dual objective     =       -197490.300000
LP status(1): optimal
Cplex Time: 0.02sec (det. 1.79 ticks)

Optimal solution found.
Objective :       14605.000000

--- Restarting execution
--- Z_N3_MotivatingExample_Cost.gms(1142) 3 Mb
--- Reading solution for model MIN_COST
--- Executing after solve: elapsed 0:00:01.850
--- Z_N3_MotivatingExample_Cost.gms(851) 3 Mb
--- Generating MIP model MIN_COST
--- Z_N3_MotivatingExample_Cost.gms(1069) 4 Mb
--- LOOPS run = run1
---       calc = calc5
---   768 rows  759 columns  2,142 non-zeroes
---   317 discrete-columns
--- Executing CPLEX: elapsed 0:00:01.904

IBM ILOG CPLEX   24.5.6 r55090 Released Nov 27, 2015 WEI x86 64bit/MS Windows 
--- GAMS/Cplex licensed for continuous and discrete problems.
Cplex 12.6.2.0

Reading data...
Starting Cplex...
Space for names approximately 0.04 Mb
Use option 'names no' to turn use of names off
Tried aggregator 4 times.
MIP Presolve eliminated 190 rows and 182 columns.
MIP Presolve modified 14 coefficients.
Aggregator did 365 substitutions.
Reduced MIP has 213 rows, 212 columns, and 729 nonzeros.
Reduced MIP has 85 binaries, 0 generals, 0 SOSs, and 0 indicators.
Presolve time = 0.01 sec. (1.69 ticks)
Found incumbent of value 320600.000000 after 0.01 sec. (2.12 ticks)
Probing fixed 0 vars, tightened 80 bounds.
Probing time = 0.00 sec. (0.44 ticks)
Tried aggregator 1 time.
MIP Presolve eliminated 8 rows and 4 columns.
Reduced MIP has 205 rows, 208 columns, and 713 nonzeros.
Reduced MIP has 85 binaries, 4 generals, 0 SOSs, and 0 indicators.
Presolve time = 0.00 sec. (0.44 ticks)
Probing fixed 0 vars, tightened 6 bounds.
Probing time = 0.00 sec. (0.34 ticks)
Clique table members: 129.
MIP emphasis: balance optimality and feasibility.
MIP search method: dynamic search.
Parallel mode: none, using 1 thread.
Tried aggregator 1 time.
LP Presolve eliminated 54 rows and 4 columns.
Aggregator did 56 substitutions.
Reduced LP has 95 rows, 148 columns, and 481 nonzeros.
Presolve time = 0.00 sec. (0.17 ticks)
Initializing dual steep norms . . .

Iteration log . . .
Iteration:     1   Dual objective     =       -122837.800000
Initializing dual steep norms . . .
Root relaxation solution time = 0.00 sec. (0.50 ticks)

        Nodes                                         Cuts/
   Node  Left     Objective  IInf  Best Integer    Best Bound    ItCnt     Gap

*     0+    0                       320600.0000   -67945.0000           121.19%
Found incumbent of value 320600.000000 after 0.01 sec. (4.11 ticks)
      0     0    25856.4000    19   320600.0000    25856.4000       50   91.93%
*     0+    0                        91256.0000    25856.4000            71.67%
Found incumbent of value 91256.000000 after 0.01 sec. (4.53 ticks)
      0     0    34556.1588    22    91256.0000      Cuts: 34       93   62.13%
*     0+    0                        48256.0000    34556.1588            28.39%
Found incumbent of value 48256.000000 after 0.01 sec. (7.66 ticks)
      0     0    38113.0093    20    48256.0000      Cuts: 46      154   21.02%
      0     0    39012.4761    23    48256.0000      Cuts: 24      180   19.16%
      0     0    39590.1590    26    48256.0000      Cuts: 18      193   17.96%
      0     0    39899.4803    25    48256.0000       Cuts: 9      210   17.32%
      0     0    39899.4969    23    48256.0000       Cuts: 4      215   17.32%
      0     0    39899.4969    25    48256.0000       Cuts: 8      219   17.32%
      0     2    39899.4969    21    48256.0000    39903.7276      219   17.31%
Elapsed time = 0.05 sec. (27.87 ticks, tree = 0.00 MB, solutions = 3)
*    46    21      integral     0    48160.0000    47857.2000      531    0.63%
                                                      Cuts: 4                  
Found incumbent of value 48160.000000 after 0.06 sec. (34.96 ticks)

Flow cuts applied:  15
Mixed integer rounding cuts applied:  33
Lift and project cuts applied:  1
Gomory fractional cuts applied:  3

Root node processing (before b&c):
  Real time             =    0.05 sec. (27.89 ticks)
Sequential b&c:
  Real time             =    0.05 sec. (36.65 ticks)
                          ------------
Total (root+branch&cut) =    0.09 sec. (64.54 ticks)
MIP status(101): integer optimal solution
Cplex Time: 0.09sec (det. 64.54 ticks)
Fixing integer variables, and solving final LP...
Tried aggregator 1 time.
LP Presolve eliminated 699 rows and 679 columns.
Aggregator did 54 substitutions.
Reduced LP has 15 rows, 26 columns, and 45 nonzeros.
Presolve time = 0.00 sec. (0.32 ticks)
Initializing dual steep norms . . .

Iteration log . . .
Iteration:     1   Dual objective     =          7560.000000
Fixed MIP status(1): optimal
Cplex Time: 0.00sec (det. 0.61 ticks)

Proven optimal solution.

MIP Solution:        48160.000000    (1673 iterations, 228 nodes)
Final Solve:         48160.000000    (11 iterations)

Best possible:       48160.000000
Absolute gap:            0.000000
Relative gap:            0.000000

--- Restarting execution
--- Z_N3_MotivatingExample_Cost.gms(1069) 3 Mb
--- Reading solution for model MIN_COST
--- Executing after solve: elapsed 0:00:02.135
--- Z_N3_MotivatingExample_Cost.gms(851) 3 Mb
--- Generating RMIP model MIN_COST
--- Z_N3_MotivatingExample_Cost.gms(1142) 4 Mb
--- LOOPS run = run1
---       calc = calc5
---   768 rows  759 columns  2,142 non-zeroes
---   317 discrete-columns
--- Executing CPLEX: elapsed 0:00:02.201

IBM ILOG CPLEX   24.5.6 r55090 Released Nov 27, 2015 WEI x86 64bit/MS Windows 
--- GAMS/Cplex licensed for continuous and discrete problems.
Cplex 12.6.2.0

Reading data...
Starting Cplex...
Space for names approximately 0.04 Mb
Use option 'names no' to turn use of names off
Tried aggregator 1 time.
LP Presolve eliminated 266 rows and 260 columns.
Aggregator did 288 substitutions.
Reduced LP has 214 rows, 211 columns, and 735 nonzeros.
Presolve time = 0.02 sec. (0.48 ticks)

Iteration log . . .
Iteration:     1   Scaled dual infeas =          1654.800000
Iteration:    22   Dual objective     =       -729894.000000
Iteration:    95   Dual objective     =       -519535.300000
Iteration:   157   Dual objective     =         30651.800000
LP status(1): optimal
Cplex Time: 0.02sec (det. 2.07 ticks)

Optimal solution found.
Objective :       25855.000000

--- Restarting execution
--- Z_N3_MotivatingExample_Cost.gms(1142) 3 Mb
--- Reading solution for model MIN_COST
--- Executing after solve: elapsed 0:00:02.263
--- Z_N3_MotivatingExample_Cost.gms(851) 3 Mb
--- Generating MIP model MIN_COST
--- Z_N3_MotivatingExample_Cost.gms(1069) 4 Mb
--- LOOPS run = run1
---       calc = calc6
---   768 rows  759 columns  2,142 non-zeroes
---   317 discrete-columns
--- Executing CPLEX: elapsed 0:00:02.316

IBM ILOG CPLEX   24.5.6 r55090 Released Nov 27, 2015 WEI x86 64bit/MS Windows 
--- GAMS/Cplex licensed for continuous and discrete problems.
Cplex 12.6.2.0

Reading data...
Starting Cplex...
Space for names approximately 0.04 Mb
Use option 'names no' to turn use of names off
Tried aggregator 4 times.
MIP Presolve eliminated 204 rows and 198 columns.
MIP Presolve modified 10 coefficients.
Aggregator did 354 substitutions.
Reduced MIP has 210 rows, 207 columns, and 716 nonzeros.
Reduced MIP has 81 binaries, 0 generals, 0 SOSs, and 0 indicators.
Presolve time = 0.00 sec. (1.69 ticks)
Found incumbent of value 310600.000000 after 0.00 sec. (2.11 ticks)
Probing fixed 0 vars, tightened 46 bounds.
Probing time = 0.00 sec. (0.37 ticks)
Tried aggregator 1 time.
Reduced MIP has 210 rows, 207 columns, and 716 nonzeros.
Reduced MIP has 81 binaries, 2 generals, 0 SOSs, and 0 indicators.
Presolve time = 0.00 sec. (0.41 ticks)
Probing fixed 0 vars, tightened 11 bounds.
Probing time = 0.00 sec. (0.31 ticks)
Clique table members: 66.
MIP emphasis: balance optimality and feasibility.
MIP search method: dynamic search.
Parallel mode: none, using 1 thread.
Tried aggregator 1 time.
LP Presolve eliminated 58 rows and 4 columns.
Aggregator did 58 substitutions.
Reduced LP has 94 rows, 145 columns, and 470 nonzeros.
Presolve time = 0.00 sec. (0.17 ticks)
Initializing dual steep norms . . .

Iteration log . . .
Iteration:     1   Dual objective     =       -126894.800000
Initializing dual steep norms . . .
Root relaxation solution time = 0.00 sec. (0.44 ticks)

        Nodes                                         Cuts/
   Node  Left     Objective  IInf  Best Integer    Best Bound    ItCnt     Gap

*     0+    0                       310600.0000   -54096.0000           117.42%
Found incumbent of value 310600.000000 after 0.00 sec. (3.89 ticks)
      0     0    27704.8000    15   310600.0000    27704.8000       38   91.08%
*     0+    0                        97305.0000    27704.8000            71.53%
Found incumbent of value 97305.000000 after 0.02 sec. (4.26 ticks)
      0     0    44828.7556    17    97305.0000      Cuts: 66       99   53.93%
*     0+    0                        76555.0000    44828.7556            41.44%
Found incumbent of value 76555.000000 after 0.02 sec. (7.12 ticks)
      0     0    49236.2067    23    76555.0000      Cuts: 38      144   35.69%
      0     0    50250.1694    26    76555.0000      Cuts: 19      178   34.36%
*     0+    0                        59508.0000    50250.1694            15.56%
Found incumbent of value 59508.000000 after 0.02 sec. (11.63 ticks)
      0     0    51672.0932    21    59508.0000      Cuts: 31      210   13.17%
      0     0    51716.3046    27    59508.0000      Cuts: 22      230   13.09%
*     0+    0                        53107.0000    51716.3046             2.62%
Found incumbent of value 53107.000000 after 0.03 sec. (15.65 ticks)
      0     0    51716.3046    29    53107.0000       Cuts: 6      233    2.62%
      0     0    51723.6428    18    53107.0000    MIRcuts: 2      236    2.60%
      0     0    51725.1408    22    53107.0000      Cuts: 17      244    2.60%
*     0+    0                        52309.0000    51725.1408             1.12%
Found incumbent of value 52309.000000 after 0.05 sec. (25.96 ticks)
      0     1    51725.1408    19    52309.0000    51736.7575      244    1.09%
Elapsed time = 0.05 sec. (28.32 ticks, tree = 0.00 MB, solutions = 6)
*    10+    3                        52308.0000    52170.7250             0.26%
                                                   MIRcuts: 2                  
Found incumbent of value 52308.000000 after 0.05 sec. (29.95 ticks)

Flow cuts applied:  10
Mixed integer rounding cuts applied:  28
Multi commodity flow cuts applied:  4
Gomory fractional cuts applied:  5

Root node processing (before b&c):
  Real time             =    0.05 sec. (28.35 ticks)
Sequential b&c:
  Real time             =    0.00 sec. (4.66 ticks)
                          ------------
Total (root+branch&cut) =    0.05 sec. (33.01 ticks)
MIP status(101): integer optimal solution
Cplex Time: 0.05sec (det. 33.02 ticks)
Fixing integer variables, and solving final LP...
Tried aggregator 1 time.
LP Presolve eliminated 693 rows and 667 columns.
Aggregator did 56 substitutions.
Reduced LP has 19 rows, 36 columns, and 61 nonzeros.
Presolve time = 0.00 sec. (0.32 ticks)
Initializing dual steep norms . . .

Iteration log . . .
Iteration:     1   Dual objective     =          5158.000000
Fixed MIP status(1): optimal
Cplex Time: 0.00sec (det. 0.62 ticks)

Proven optimal solution.

MIP Solution:        52308.000000    (352 iterations, 28 nodes)
Final Solve:         52308.000000    (13 iterations)

Best possible:       52308.000000
Absolute gap:            0.000000
Relative gap:            0.000000

--- Restarting execution
--- Z_N3_MotivatingExample_Cost.gms(1069) 3 Mb
--- Reading solution for model MIN_COST
--- Executing after solve: elapsed 0:00:02.433
--- Z_N3_MotivatingExample_Cost.gms(851) 3 Mb
--- Generating RMIP model MIN_COST
--- Z_N3_MotivatingExample_Cost.gms(1142) 4 Mb
--- LOOPS run = run1
---       calc = calc6
---   768 rows  759 columns  2,142 non-zeroes
---   317 discrete-columns
--- Executing CPLEX: elapsed 0:00:02.480

IBM ILOG CPLEX   24.5.6 r55090 Released Nov 27, 2015 WEI x86 64bit/MS Windows 
--- GAMS/Cplex licensed for continuous and discrete problems.
Cplex 12.6.2.0

Reading data...
Starting Cplex...
Space for names approximately 0.04 Mb
Use option 'names no' to turn use of names off
Tried aggregator 1 time.
LP Presolve eliminated 279 rows and 272 columns.
Aggregator did 282 substitutions.
Reduced LP has 207 rows, 205 columns, and 708 nonzeros.
Presolve time = 0.00 sec. (0.48 ticks)

Iteration log . . .
Iteration:     1   Scaled dual infeas =           892.900000
Iteration:    19   Dual objective     =       -902548.000000
Iteration:    90   Dual objective     =       -525381.200000
Iteration:   152   Dual objective     =         27704.000000
LP status(1): optimal
Cplex Time: 0.02sec (det. 1.92 ticks)

Optimal solution found.
Objective :       27704.000000

--- Restarting execution
--- Z_N3_MotivatingExample_Cost.gms(1142) 3 Mb
--- Reading solution for model MIN_COST
--- Executing after solve: elapsed 0:00:02.548
--- Z_N3_MotivatingExample_Cost.gms(851) 3 Mb
--- Generating MIP model MIN_COST
--- Z_N3_MotivatingExample_Cost.gms(1069) 4 Mb
--- LOOPS run = run1
---       calc = calc7
---   768 rows  759 columns  2,142 non-zeroes
---   317 discrete-columns
--- Executing CPLEX: elapsed 0:00:02.597

IBM ILOG CPLEX   24.5.6 r55090 Released Nov 27, 2015 WEI x86 64bit/MS Windows 
--- GAMS/Cplex licensed for continuous and discrete problems.
Cplex 12.6.2.0

Reading data...
Starting Cplex...
Space for names approximately 0.04 Mb
Use option 'names no' to turn use of names off
Tried aggregator 3 times.
MIP Presolve eliminated 208 rows and 213 columns.
MIP Presolve modified 4 coefficients.
Aggregator did 326 substitutions.
Reduced MIP has 234 rows, 220 columns, and 764 nonzeros.
Reduced MIP has 83 binaries, 0 generals, 0 SOSs, and 0 indicators.
Presolve time = 0.00 sec. (1.40 ticks)
Found incumbent of value 304000.000000 after 0.01 sec. (1.84 ticks)
Probing fixed 0 vars, tightened 62 bounds.
Probing time = 0.00 sec. (0.43 ticks)
Tried aggregator 1 time.
Reduced MIP has 234 rows, 220 columns, and 764 nonzeros.
Reduced MIP has 83 binaries, 1 generals, 0 SOSs, and 0 indicators.
Presolve time = 0.00 sec. (0.43 ticks)
Probing fixed 0 vars, tightened 1 bounds.
Probing time = 0.00 sec. (0.35 ticks)
Clique table members: 120.
MIP emphasis: balance optimality and feasibility.
MIP search method: dynamic search.
Parallel mode: none, using 1 thread.
Tried aggregator 1 time.
LP Presolve eliminated 68 rows and 4 columns.
Aggregator did 69 substitutions.
Reduced LP has 97 rows, 147 columns, and 476 nonzeros.
Presolve time = 0.00 sec. (0.18 ticks)
Initializing dual steep norms . . .

Iteration log . . .
Iteration:     1   Dual objective     =        -26795.000000
Initializing dual steep norms . . .
Root relaxation solution time = 0.00 sec. (0.54 ticks)

        Nodes                                         Cuts/
   Node  Left     Objective  IInf  Best Integer    Best Bound    ItCnt     Gap

*     0+    0                       304000.0000   -16399.0000           105.39%
Found incumbent of value 304000.000000 after 0.01 sec. (3.85 ticks)
      0     0    33056.1500    21   304000.0000    33056.1500       48   89.13%
*     0+    0                       165953.0000    33056.1500            80.08%
Found incumbent of value 165953.000000 after 0.01 sec. (4.32 ticks)
      0     0    45535.9455    24   165953.0000      Cuts: 91      105   72.56%
*     0+    0                       106855.0000    45535.9455            57.39%
Found incumbent of value 106855.000000 after 0.01 sec. (7.42 ticks)
      0     0    51985.7035    32   106855.0000      Cuts: 59      168   51.35%
*     0+    0                        68608.0000    51985.7035            24.23%
Found incumbent of value 68608.000000 after 0.01 sec. (10.91 ticks)
      0     0    53563.3111    35    68608.0000      Cuts: 47      207   21.93%
      0     0    54760.2806    30    68608.0000      Cuts: 35      241   20.18%
      0     0    55102.0790    30    68608.0000      Cuts: 29      266   19.69%
      0     0    55514.3574    31    68608.0000       Cuts: 7      277   19.08%
      0     0    55541.3600    32    68608.0000       Cuts: 7      282   19.05%
      0     0    55717.0859    33    68608.0000    MIRcuts: 2      289   18.79%
      0     0    55802.1946    33    68608.0000       Cuts: 2      295   18.67%
      0     0    55854.4845    33    68608.0000       Cuts: 5      301   18.59%
      0     0    55854.4845    33    68608.0000    MIRcuts: 2      302   18.59%
      0     2    55854.4845    32    68608.0000    55866.2620      302   18.57%
Elapsed time = 0.06 sec. (36.26 ticks, tree = 0.00 MB, solutions = 4)
*    45    14      integral     0    68409.0000    68198.9364      628    0.31%
                                                   MIRcuts: 2                  
Found incumbent of value 68409.000000 after 0.06 sec. (45.11 ticks)

Clique cuts applied:  2
Implied bound cuts applied:  5
Flow cuts applied:  9
Mixed integer rounding cuts applied:  33
Zero-half cuts applied:  1
Multi commodity flow cuts applied:  3
Gomory fractional cuts applied:  5

Root node processing (before b&c):
  Real time             =    0.06 sec. (36.28 ticks)
Sequential b&c:
  Real time             =    0.02 sec. (21.88 ticks)
                          ------------
Total (root+branch&cut) =    0.08 sec. (58.16 ticks)
MIP status(101): integer optimal solution
Cplex Time: 0.08sec (det. 58.16 ticks)
Fixing integer variables, and solving final LP...
Tried aggregator 1 time.
LP Presolve eliminated 705 rows and 683 columns.
Aggregator did 49 substitutions.
Reduced LP has 14 rows, 27 columns, and 45 nonzeros.
Presolve time = 0.00 sec. (0.31 ticks)
Initializing dual steep norms . . .

Iteration log . . .
Iteration:     1   Dual objective     =          9809.000000
Fixed MIP status(1): optimal
Cplex Time: 0.00sec (det. 0.60 ticks)

Proven optimal solution.

MIP Solution:        68409.000000    (1024 iterations, 142 nodes)
Final Solve:         68409.000000    (11 iterations)

Best possible:       68409.000000
Absolute gap:            0.000000
Relative gap:            0.000000

--- Restarting execution
--- Z_N3_MotivatingExample_Cost.gms(1069) 3 Mb
--- Reading solution for model MIN_COST
--- Executing after solve: elapsed 0:00:02.842
--- Z_N3_MotivatingExample_Cost.gms(851) 3 Mb
--- Generating RMIP model MIN_COST
--- Z_N3_MotivatingExample_Cost.gms(1142) 4 Mb
--- LOOPS run = run1
---       calc = calc7
---   768 rows  759 columns  2,142 non-zeroes
---   317 discrete-columns
--- Executing CPLEX: elapsed 0:00:02.892

IBM ILOG CPLEX   24.5.6 r55090 Released Nov 27, 2015 WEI x86 64bit/MS Windows 
--- GAMS/Cplex licensed for continuous and discrete problems.
Cplex 12.6.2.0

Reading data...
Starting Cplex...
Space for names approximately 0.04 Mb
Use option 'names no' to turn use of names off
Tried aggregator 1 time.
LP Presolve eliminated 295 rows and 290 columns.
Aggregator did 267 substitutions.
Reduced LP has 206 rows, 202 columns, and 706 nonzeros.
Presolve time = 0.00 sec. (0.47 ticks)

Iteration log . . .
Iteration:     1   Scaled dual infeas =           580.000000
Iteration:    24   Dual objective     =      -1037952.500000
Iteration:    93   Dual objective     =       -539680.300000
LP status(1): optimal
Cplex Time: 0.00sec (det. 1.94 ticks)

Optimal solution found.
Objective :       33055.750000

--- Restarting execution
--- Z_N3_MotivatingExample_Cost.gms(1142) 3 Mb
--- Reading solution for model MIN_COST
--- Executing after solve: elapsed 0:00:02.959
--- Z_N3_MotivatingExample_Cost.gms(851) 3 Mb
--- Generating MIP model MIN_COST
--- Z_N3_MotivatingExample_Cost.gms(1069) 4 Mb
--- LOOPS run = run1
---       calc = calc8
---   768 rows  759 columns  2,142 non-zeroes
---   317 discrete-columns
--- Executing CPLEX: elapsed 0:00:03.013

IBM ILOG CPLEX   24.5.6 r55090 Released Nov 27, 2015 WEI x86 64bit/MS Windows 
--- GAMS/Cplex licensed for continuous and discrete problems.
Cplex 12.6.2.0

Reading data...
Starting Cplex...
Space for names approximately 0.04 Mb
Use option 'names no' to turn use of names off
Tried aggregator 3 times.
MIP Presolve eliminated 312 rows and 316 columns.
Aggregator did 262 substitutions.
Reduced MIP has 194 rows, 181 columns, and 626 nonzeros.
Reduced MIP has 69 binaries, 0 generals, 0 SOSs, and 0 indicators.
Presolve time = 0.00 sec. (1.36 ticks)
Found incumbent of value 383000.000000 after 0.00 sec. (1.73 ticks)
Probing fixed 0 vars, tightened 29 bounds.
Probing time = 0.00 sec. (0.27 ticks)
Tried aggregator 1 time.
Reduced MIP has 194 rows, 181 columns, and 626 nonzeros.
Reduced MIP has 69 binaries, 0 generals, 0 SOSs, and 0 indicators.
Presolve time = 0.00 sec. (0.35 ticks)
Probing fixed 0 vars, tightened 1 bounds.
Probing time = 0.00 sec. (0.23 ticks)
Clique table members: 90.
MIP emphasis: balance optimality and feasibility.
MIP search method: dynamic search.
Parallel mode: none, using 1 thread.
Tried aggregator 1 time.
LP Presolve eliminated 56 rows and 6 columns.
Aggregator did 56 substitutions.
Reduced LP has 82 rows, 119 columns, and 384 nonzeros.
Presolve time = 0.00 sec. (0.15 ticks)
Initializing dual steep norms . . .

Iteration log . . .
Iteration:     1   Dual objective     =        -39997.800000
Initializing dual steep norms . . .
Root relaxation solution time = 0.00 sec. (0.41 ticks)

        Nodes                                         Cuts/
   Node  Left     Objective  IInf  Best Integer    Best Bound    ItCnt     Gap

*     0+    0                       383000.0000   -42200.0000           111.02%
Found incumbent of value 383000.000000 after 0.00 sec. (3.21 ticks)
      0     0    60405.0000    13   383000.0000    60405.0000       39   84.23%
*     0+    0                       193253.0000    60405.0000            68.74%
Found incumbent of value 193253.000000 after 0.00 sec. (3.72 ticks)
      0     0    71738.8271    21   193253.0000      Cuts: 33       86   62.88%
*     0+    0                       121906.0000    71738.8271            41.15%
Found incumbent of value 121906.000000 after 0.00 sec. (5.67 ticks)
      0     0    75830.7592    16   121906.0000      Cuts: 48      123   37.80%
*     0+    0                        84308.0000    75830.7592            10.06%
Found incumbent of value 84308.000000 after 0.02 sec. (7.53 ticks)
      0     0    75924.9604    14    84308.0000      Cuts: 20      130    9.94%
      0     0    75924.9604    16    84308.0000       Cuts: 9      137    9.94%
      0     0    76233.4476    18    84308.0000      Cuts: 14      156    9.58%
      0     0    76299.1162    19    84308.0000       Cuts: 8      191    9.50%
      0     0    76388.5250    23    84308.0000      Cuts: 24      206    9.39%
      0     0    76399.7304    22    84308.0000    MIRcuts: 1      207    9.38%
*     0+    0                        77807.0000    76399.7304             1.81%
Found incumbent of value 77807.000000 after 0.03 sec. (19.02 ticks)
      0     2    76399.7304    21    77807.0000    76475.1385      207    1.71%
Elapsed time = 0.03 sec. (22.53 ticks, tree = 0.00 MB, solutions = 5)

Flow cuts applied:  11
Mixed integer rounding cuts applied:  20
Gomory fractional cuts applied:  5

Root node processing (before b&c):
  Real time             =    0.03 sec. (22.56 ticks)
Sequential b&c:
  Real time             =    0.00 sec. (0.72 ticks)
                          ------------
Total (root+branch&cut) =    0.03 sec. (23.27 ticks)
MIP status(101): integer optimal solution
Cplex Time: 0.03sec (det. 23.27 ticks)
Fixing integer variables, and solving final LP...
Tried aggregator 1 time.
LP Presolve eliminated 704 rows and 683 columns.
Aggregator did 51 substitutions.
Reduced LP has 13 rows, 25 columns, and 42 nonzeros.
Presolve time = 0.00 sec. (0.32 ticks)
Initializing dual steep norms . . .

Iteration log . . .
Iteration:     1   Dual objective     =          9807.000000
Fixed MIP status(1): optimal
Cplex Time: 0.00sec (det. 0.61 ticks)

Proven optimal solution.

MIP Solution:        77807.000000    (242 iterations, 7 nodes)
Final Solve:         77807.000000    (12 iterations)

Best possible:       77807.000000
Absolute gap:            0.000000
Relative gap:            0.000000

--- Restarting execution
--- Z_N3_MotivatingExample_Cost.gms(1069) 3 Mb
--- Reading solution for model MIN_COST
--- Executing after solve: elapsed 0:00:03.120
--- Z_N3_MotivatingExample_Cost.gms(851) 3 Mb
--- Generating RMIP model MIN_COST
--- Z_N3_MotivatingExample_Cost.gms(1142) 4 Mb
--- LOOPS run = run1
---       calc = calc8
---   768 rows  759 columns  2,142 non-zeroes
---   317 discrete-columns
--- Executing CPLEX: elapsed 0:00:03.170

IBM ILOG CPLEX   24.5.6 r55090 Released Nov 27, 2015 WEI x86 64bit/MS Windows 
--- GAMS/Cplex licensed for continuous and discrete problems.
Cplex 12.6.2.0

Reading data...
Starting Cplex...
Space for names approximately 0.04 Mb
Use option 'names no' to turn use of names off
Tried aggregator 1 time.
LP Presolve eliminated 391 rows and 381 columns.
Aggregator did 221 substitutions.
Reduced LP has 156 rows, 157 columns, and 548 nonzeros.
Presolve time = 0.00 sec. (0.47 ticks)

Iteration log . . .
Iteration:     1   Scaled dual infeas =           374.800000
Iteration:    22   Dual objective     =       -566562.000000
Iteration:    89   Dual objective     =         29202.400000
LP status(1): optimal
Cplex Time: 0.00sec (det. 1.63 ticks)

Optimal solution found.
Objective :       60405.000000

--- Restarting execution
--- Z_N3_MotivatingExample_Cost.gms(1142) 3 Mb
--- Reading solution for model MIN_COST
--- Executing after solve: elapsed 0:00:03.237
--- Z_N3_MotivatingExample_Cost.gms(1251) 4 Mb
--- GDX File C:\Users\dhruv\Box Sync\Work\Codes\GAMS_Code_Paper1\Z_N3_MotivatingExample_Cost.gdx
--- Z_N3_MotivatingExample_Cost.gms(1255) 4 Mb

GDXXRW           24.5.6 r55090 Released Nov 27, 2015 VS8 x86 32bit/MS Windows 
Input file : C:\Users\dhruv\Box Sync\Work\Codes\GAMS_Code_Paper1\Z_N3_MotivatingExample_Cost.gdx
Output file: C:\Users\dhruv\Box Sync\Work\Codes\GAMS_Code_Paper1\Z_N3_MotivatingExample_Cost_Gantt_OL_2.xlsx
Adding new sheet: BatchSize
Adding new sheet: StartTime
Adding new sheet: Inventory
Adding new sheet: EndTime
Total time = 578 Ms
*** Status: Normal completion
--- Job Z_N3_MotivatingExample_Cost.gms Stop 04/20/16 19:28:20 elapsed 0:00:03.904
