
--- Job Z_N3_MH12_RF1_OPT1_DF4_DV1_DL5_DU1_S1_MC1_Profit.gms Start 04/20/16 14:23:44 24.5.6 r55090 WEX-WEI x86 64bit/MS Windows
GAMS 24.5.6   Copyright (C) 1987-2015 GAMS Development. All rights reserved
Licensee: Department of Chemical & Biological EngineeringG151026:1254AO-GEN
          University of Wisconsin - Madison                          DC4923
          License for teaching and research at degree granting institutions
--- Starting compilation
--- Z_N3_MH12_RF1_OPT1_DF4_DV1_DL5_DU1_S1_MC1_Profit.gms(21) 2 Mb
--- .ConfigurationFile.gms(69) 2 Mb
--- ..MasterFile.gms(17) 3 Mb
--- ...NetworkN3.gms(109) 3 Mb
--- ..MasterFile.gms(18) 3 Mb
--- ...Model9.gms(523) 3 Mb
--- ..MasterFile.gms(149) 3 Mb
--- ...ModelSolution9.gms(289) 3 Mb
--- ..MasterFile.gms(301) 3 Mb
--- .ConfigurationFile.gms(76) 3 Mb
--- Z_N3_MH12_RF1_OPT1_DF4_DV1_DL5_DU1_S1_MC1_Profit.gms(21) 3 Mb
--- Starting execution: elapsed 0:00:00.140
--- Z_N3_MH12_RF1_OPT1_DF4_DV1_DL5_DU1_S1_MC1_Profit.gms(851) 4 Mb
--- Generating MIP model MAX_PROFIT_2
--- Z_N3_MH12_RF1_OPT1_DF4_DV1_DL5_DU1_S1_MC1_Profit.gms(1069) 4 Mb
--- LOOPS run = run1
---       calc = calc0
---   834 rows  804 columns  2,112 non-zeroes
---   317 discrete-columns
--- Executing CPLEX: elapsed 0:00:00.390

IBM ILOG CPLEX   24.5.6 r55090 Released Nov 27, 2015 WEI x86 64bit/MS Windows 
--- GAMS/Cplex licensed for continuous and discrete problems.
Cplex 12.6.2.0

Reading data...
Starting Cplex...
Space for names approximately 0.05 Mb
Use option 'names no' to turn use of names off
Tried aggregator 8 times.
MIP Presolve eliminated 579 rows and 552 columns.
MIP Presolve modified 177 coefficients.
Aggregator did 239 substitutions.
Reduced MIP has 16 rows, 13 columns, and 41 nonzeros.
Reduced MIP has 7 binaries, 0 generals, 0 SOSs, and 0 indicators.
Presolve time = 0.00 sec. (2.39 ticks)
Found incumbent of value -1.000000 after 0.00 sec. (2.50 ticks)
Probing time = 0.00 sec. (0.01 ticks)
Tried aggregator 1 time.
MIP Presolve eliminated 1 rows and 0 columns.
MIP Presolve added 2 rows and 0 columns.
Reduced MIP has 17 rows, 13 columns, and 42 nonzeros.
Reduced MIP has 7 binaries, 0 generals, 0 SOSs, and 0 indicators.
Presolve time = 0.00 sec. (0.04 ticks)
Probing time = 0.00 sec. (0.01 ticks)
Clique table members: 13.
MIP emphasis: balance optimality and feasibility.
MIP search method: dynamic search.
Parallel mode: none, using 1 thread.
Tried aggregator 1 time.
LP Presolve eliminated 4 rows and 0 columns.
Aggregator did 4 substitutions.
Reduced LP has 9 rows, 9 columns, and 26 nonzeros.
Presolve time = 0.00 sec. (0.01 ticks)

Iteration log . . .
Iteration:     1   Dual objective     =           199.000000
Initializing dual steep norms . . .
Root relaxation solution time = 0.00 sec. (0.03 ticks)

        Nodes                                         Cuts/
   Node  Left     Objective  IInf  Best Integer    Best Bound    ItCnt     Gap

*     0+    0                           -1.0000      400.0000              --- 
Found incumbent of value -1.000000 after 0.05 sec. (2.66 ticks)
      0     0      197.5000     5       -1.0000      197.5000        5     --- 
*     0+    0                           -0.0000      197.5000              --- 
Found incumbent of value -0.000000 after 0.05 sec. (2.69 ticks)
*     0     0      integral     0      197.0000      197.0000        6    0.00%
Elapsed time = 0.06 sec. (2.76 ticks, tree = 0.00 MB, solutions = 3)
Found incumbent of value 197.000000 after 0.06 sec. (2.76 ticks)

Root node processing (before b&c):
  Real time             =    0.06 sec. (2.79 ticks)
Sequential b&c:
  Real time             =    0.00 sec. (0.00 ticks)
                          ------------
Total (root+branch&cut) =    0.06 sec. (2.79 ticks)
MIP status(101): integer optimal solution
Cplex Time: 0.06sec (det. 2.80 ticks)
Fixing integer variables, and solving final LP...
Tried aggregator 1 time.
LP Presolve eliminated 818 rows and 788 columns.
Aggregator did 16 substitutions.
All rows and columns eliminated.
Presolve time = 0.00 sec. (0.30 ticks)
Fixed MIP status(1): optimal
Cplex Time: 0.00sec (det. 0.58 ticks)

Proven optimal solution.

MIP Solution:          197.000000    (6 iterations, 0 nodes)
Final Solve:           197.000000    (0 iterations)

Best possible:         197.000000
Absolute gap:            0.000000
Relative gap:            0.000000

--- Restarting execution
--- Z_N3_MH12_RF1_OPT1_DF4_DV1_DL5_DU1_S1_MC1_Profit.gms(1069) 3 Mb
--- Reading solution for model MAX_PROFIT_2
--- Executing after solve: elapsed 0:00:00.827
--- Z_N3_MH12_RF1_OPT1_DF4_DV1_DL5_DU1_S1_MC1_Profit.gms(851) 3 Mb
--- Generating RMIP model MAX_PROFIT_2
--- Z_N3_MH12_RF1_OPT1_DF4_DV1_DL5_DU1_S1_MC1_Profit.gms(1142) 4 Mb
--- LOOPS run = run1
---       calc = calc0
---   834 rows  804 columns  2,112 non-zeroes
---   317 discrete-columns
--- Executing CPLEX: elapsed 0:00:00.873

IBM ILOG CPLEX   24.5.6 r55090 Released Nov 27, 2015 WEI x86 64bit/MS Windows 
--- GAMS/Cplex licensed for continuous and discrete problems.
Cplex 12.6.2.0

Reading data...
Starting Cplex...
Space for names approximately 0.05 Mb
Use option 'names no' to turn use of names off
Tried aggregator 1 time.
LP Presolve eliminated 535 rows and 530 columns.
Aggregator did 172 substitutions.
Reduced LP has 127 rows, 102 columns, and 433 nonzeros.
Presolve time = 0.00 sec. (0.47 ticks)

Iteration log . . .
Iteration:     1   Scaled dual infeas =           476.100000
Iteration:    41   Dual objective     =           592.500000
LP status(1): optimal
Cplex Time: 0.00sec (det. 1.40 ticks)

Optimal solution found.
Objective :         197.500000

--- Restarting execution
--- Z_N3_MH12_RF1_OPT1_DF4_DV1_DL5_DU1_S1_MC1_Profit.gms(1142) 3 Mb
--- Reading solution for model MAX_PROFIT_2
--- Executing after solve: elapsed 0:00:00.967
--- Z_N3_MH12_RF1_OPT1_DF4_DV1_DL5_DU1_S1_MC1_Profit.gms(851) 3 Mb
--- Generating MIP model MAX_PROFIT_2
--- Z_N3_MH12_RF1_OPT1_DF4_DV1_DL5_DU1_S1_MC1_Profit.gms(1069) 4 Mb
--- LOOPS run = run1
---       calc = calc1
---   831 rows  804 columns  2,109 non-zeroes
---   317 discrete-columns
--- Executing CPLEX: elapsed 0:00:01.076

IBM ILOG CPLEX   24.5.6 r55090 Released Nov 27, 2015 WEI x86 64bit/MS Windows 
--- GAMS/Cplex licensed for continuous and discrete problems.
Cplex 12.6.2.0

Reading data...
Starting Cplex...
Space for names approximately 0.05 Mb
Use option 'names no' to turn use of names off
Tried aggregator 6 times.
MIP Presolve eliminated 442 rows and 427 columns.
MIP Presolve modified 109 coefficients.
Aggregator did 288 substitutions.
Reduced MIP has 101 rows, 89 columns, and 303 nonzeros.
Reduced MIP has 38 binaries, 0 generals, 0 SOSs, and 0 indicators.
Presolve time = 0.00 sec. (2.16 ticks)

Root node processing (before b&c):
  Real time             =    0.22 sec. (2.97 ticks)
Sequential b&c:
  Real time             =    0.00 sec. (0.00 ticks)
                          ------------
Total (root+branch&cut) =    0.22 sec. (2.97 ticks)
MIP status(103): integer infeasible
Cplex Time: 0.22sec (det. 2.97 ticks)
CPLEX Error  1217: No solution exists.
Problem is integer infeasible.
--- Restarting execution
--- Z_N3_MH12_RF1_OPT1_DF4_DV1_DL5_DU1_S1_MC1_Profit.gms(1069) 3 Mb
--- Reading solution for model MAX_PROFIT_2
--- Executing after solve: elapsed 0:00:01.373
--- Z_N3_MH12_RF1_OPT1_DF4_DV1_DL5_DU1_S1_MC1_Profit.gms(851) 3 Mb
--- Generating RMIP model MAX_PROFIT_2
--- Z_N3_MH12_RF1_OPT1_DF4_DV1_DL5_DU1_S1_MC1_Profit.gms(1142) 4 Mb
--- LOOPS run = run1
---       calc = calc1
---   831 rows  804 columns  2,109 non-zeroes
---   317 discrete-columns
--- Executing CPLEX: elapsed 0:00:01.419

IBM ILOG CPLEX   24.5.6 r55090 Released Nov 27, 2015 WEI x86 64bit/MS Windows 
--- GAMS/Cplex licensed for continuous and discrete problems.
Cplex 12.6.2.0

Reading data...
Starting Cplex...
Space for names approximately 0.05 Mb
Use option 'names no' to turn use of names off
Tried aggregator 1 time.
LP Presolve eliminated 453 rows and 448 columns.
Aggregator did 225 substitutions.
Reduced LP has 153 rows, 131 columns, and 510 nonzeros.
Presolve time = 0.00 sec. (0.47 ticks)

Iteration log . . .
Iteration:     1   Scaled dual infeas =           761.799998
Iteration:    91   Scaled dual infeas =            60.499948
Iteration:    97   Dual objective     =          2826.000000
LP status(1): optimal
Cplex Time: 0.00sec (det. 1.91 ticks)

Optimal solution found.
Objective :         246.000000

--- Restarting execution
--- Z_N3_MH12_RF1_OPT1_DF4_DV1_DL5_DU1_S1_MC1_Profit.gms(1142) 3 Mb
--- Reading solution for model MAX_PROFIT_2
--- Executing after solve: elapsed 0:00:01.482
--- Z_N3_MH12_RF1_OPT1_DF4_DV1_DL5_DU1_S1_MC1_Profit.gms(851) 3 Mb
--- Generating MIP model MAX_PROFIT_2
--- Z_N3_MH12_RF1_OPT1_DF4_DV1_DL5_DU1_S1_MC1_Profit.gms(1069) 4 Mb
--- LOOPS run = run1
---       calc = calc2
---   831 rows  804 columns  2,109 non-zeroes
---   317 discrete-columns
--- Executing CPLEX: elapsed 0:00:01.669

IBM ILOG CPLEX   24.5.6 r55090 Released Nov 27, 2015 WEI x86 64bit/MS Windows 
--- GAMS/Cplex licensed for continuous and discrete problems.
Cplex 12.6.2.0

Reading data...
Starting Cplex...
Space for names approximately 0.05 Mb
Use option 'names no' to turn use of names off
Tried aggregator 7 times.
MIP Presolve eliminated 477 rows and 460 columns.
MIP Presolve modified 142 coefficients.
Aggregator did 284 substitutions.
Reduced MIP has 70 rows, 60 columns, and 201 nonzeros.
Reduced MIP has 26 binaries, 0 generals, 0 SOSs, and 0 indicators.
Presolve time = 0.00 sec. (2.38 ticks)

Root node processing (before b&c):
  Real time             =    0.00 sec. (2.97 ticks)
Sequential b&c:
  Real time             =    0.00 sec. (0.00 ticks)
                          ------------
Total (root+branch&cut) =    0.00 sec. (2.97 ticks)
MIP status(103): integer infeasible
Cplex Time: 0.05sec (det. 2.97 ticks)
CPLEX Error  1217: No solution exists.
Problem is integer infeasible.
--- Restarting execution
--- Z_N3_MH12_RF1_OPT1_DF4_DV1_DL5_DU1_S1_MC1_Profit.gms(1069) 3 Mb
--- Reading solution for model MAX_PROFIT_2
--- Executing after solve: elapsed 0:00:01.763
--- Z_N3_MH12_RF1_OPT1_DF4_DV1_DL5_DU1_S1_MC1_Profit.gms(851) 3 Mb
--- Generating RMIP model MAX_PROFIT_2
--- Z_N3_MH12_RF1_OPT1_DF4_DV1_DL5_DU1_S1_MC1_Profit.gms(1142) 4 Mb
--- LOOPS run = run1
---       calc = calc2
---   831 rows  804 columns  2,109 non-zeroes
---   317 discrete-columns
--- Executing CPLEX: elapsed 0:00:01.809

IBM ILOG CPLEX   24.5.6 r55090 Released Nov 27, 2015 WEI x86 64bit/MS Windows 
--- GAMS/Cplex licensed for continuous and discrete problems.
Cplex 12.6.2.0

Reading data...
Starting Cplex...
Space for names approximately 0.05 Mb
Use option 'names no' to turn use of names off
Tried aggregator 1 time.
LP Presolve eliminated 466 rows and 463 columns.
Aggregator did 216 substitutions.
Reduced LP has 149 rows, 125 columns, and 503 nonzeros.
Presolve time = 0.00 sec. (0.47 ticks)

Iteration log . . .
Iteration:     1   Scaled dual infeas =          1508.200000
Iteration:   101   Scaled dual infeas =            39.599952
Iteration:   108   Dual objective     =          1235.000000
LP status(1): optimal
Cplex Time: 0.00sec (det. 1.85 ticks)

Optimal solution found.
Objective :         245.500000

--- Restarting execution
--- Z_N3_MH12_RF1_OPT1_DF4_DV1_DL5_DU1_S1_MC1_Profit.gms(1142) 3 Mb
--- Reading solution for model MAX_PROFIT_2
--- Executing after solve: elapsed 0:00:01.925
--- Z_N3_MH12_RF1_OPT1_DF4_DV1_DL5_DU1_S1_MC1_Profit.gms(851) 3 Mb
--- Generating MIP model MAX_PROFIT_2
--- Z_N3_MH12_RF1_OPT1_DF4_DV1_DL5_DU1_S1_MC1_Profit.gms(1069) 4 Mb
--- LOOPS run = run1
---       calc = calc3
---   831 rows  804 columns  2,109 non-zeroes
---   317 discrete-columns
--- Executing CPLEX: elapsed 0:00:01.987

IBM ILOG CPLEX   24.5.6 r55090 Released Nov 27, 2015 WEI x86 64bit/MS Windows 
--- GAMS/Cplex licensed for continuous and discrete problems.
Cplex 12.6.2.0

Reading data...
Starting Cplex...
Space for names approximately 0.05 Mb
Use option 'names no' to turn use of names off
Tried aggregator 8 times.
MIP Presolve eliminated 437 rows and 421 columns.
MIP Presolve modified 181 coefficients.
Aggregator did 325 substitutions.
Reduced MIP has 69 rows, 58 columns, and 198 nonzeros.
Reduced MIP has 25 binaries, 0 generals, 0 SOSs, and 0 indicators.
Presolve time = 0.00 sec. (2.65 ticks)

Root node processing (before b&c):
  Real time             =    0.00 sec. (3.22 ticks)
Sequential b&c:
  Real time             =    0.00 sec. (0.00 ticks)
                          ------------
Total (root+branch&cut) =    0.00 sec. (3.22 ticks)
MIP status(103): integer infeasible
Cplex Time: 0.08sec (det. 3.23 ticks)
CPLEX Error  1217: No solution exists.
Problem is integer infeasible.
--- Restarting execution
--- Z_N3_MH12_RF1_OPT1_DF4_DV1_DL5_DU1_S1_MC1_Profit.gms(1069) 3 Mb
--- Reading solution for model MAX_PROFIT_2
--- Executing after solve: elapsed 0:00:02.112
--- Z_N3_MH12_RF1_OPT1_DF4_DV1_DL5_DU1_S1_MC1_Profit.gms(851) 3 Mb
--- Generating RMIP model MAX_PROFIT_2
--- Z_N3_MH12_RF1_OPT1_DF4_DV1_DL5_DU1_S1_MC1_Profit.gms(1142) 4 Mb
--- LOOPS run = run1
---       calc = calc3
---   831 rows  804 columns  2,109 non-zeroes
---   317 discrete-columns
--- Executing CPLEX: elapsed 0:00:02.159

IBM ILOG CPLEX   24.5.6 r55090 Released Nov 27, 2015 WEI x86 64bit/MS Windows 
--- GAMS/Cplex licensed for continuous and discrete problems.
Cplex 12.6.2.0

Reading data...
Starting Cplex...
Space for names approximately 0.05 Mb
Use option 'names no' to turn use of names off
Tried aggregator 1 time.
LP Presolve eliminated 419 rows and 419 columns.
Aggregator did 242 substitutions.
Reduced LP has 170 rows, 143 columns, and 580 nonzeros.
Presolve time = 0.00 sec. (0.48 ticks)

Iteration log . . .
Iteration:     1   Scaled dual infeas =          1961.899992
Iteration:   106   Scaled dual infeas =            59.599938
Iteration:   114   Dual objective     =           840.000000
LP status(1): optimal
Cplex Time: 0.00sec (det. 1.73 ticks)

Optimal solution found.
Objective :         246.000000

--- Restarting execution
--- Z_N3_MH12_RF1_OPT1_DF4_DV1_DL5_DU1_S1_MC1_Profit.gms(1142) 3 Mb
--- Reading solution for model MAX_PROFIT_2
--- Executing after solve: elapsed 0:00:02.283
--- Z_N3_MH12_RF1_OPT1_DF4_DV1_DL5_DU1_S1_MC1_Profit.gms(851) 3 Mb
--- Generating MIP model MAX_PROFIT_2
--- Z_N3_MH12_RF1_OPT1_DF4_DV1_DL5_DU1_S1_MC1_Profit.gms(1069) 4 Mb
--- LOOPS run = run1
---       calc = calc4
---   831 rows  804 columns  2,109 non-zeroes
---   317 discrete-columns
--- Executing CPLEX: elapsed 0:00:02.330

IBM ILOG CPLEX   24.5.6 r55090 Released Nov 27, 2015 WEI x86 64bit/MS Windows 
--- GAMS/Cplex licensed for continuous and discrete problems.
Cplex 12.6.2.0

Reading data...
Starting Cplex...
Space for names approximately 0.05 Mb
Use option 'names no' to turn use of names off
Tried aggregator 6 times.
MIP Presolve eliminated 369 rows and 357 columns.
MIP Presolve modified 109 coefficients.
Aggregator did 333 substitutions.
Reduced MIP has 129 rows, 114 columns, and 393 nonzeros.
Reduced MIP has 48 binaries, 0 generals, 0 SOSs, and 0 indicators.
Presolve time = 0.01 sec. (2.26 ticks)
Found incumbent of value 142.000000 after 0.01 sec. (2.76 ticks)
Probing fixed 1 vars, tightened 21 bounds.
Probing time = 0.00 sec. (0.24 ticks)
Tried aggregator 2 times.
MIP Presolve eliminated 2 rows and 2 columns.
Aggregator did 1 substitutions.
Reduced MIP has 126 rows, 111 columns, and 382 nonzeros.
Reduced MIP has 47 binaries, 0 generals, 0 SOSs, and 0 indicators.
Presolve time = 0.06 sec. (0.31 ticks)
Probing time = 0.00 sec. (0.21 ticks)
Clique table members: 138.
MIP emphasis: balance optimality and feasibility.
MIP search method: dynamic search.
Parallel mode: none, using 1 thread.
Tried aggregator 1 time.
LP Presolve eliminated 42 rows and 0 columns.
Aggregator did 42 substitutions.
Reduced LP has 42 rows, 69 columns, and 214 nonzeros.
Presolve time = 0.00 sec. (0.09 ticks)
Initializing dual steep norms . . .

Iteration log . . .
Iteration:     1   Dual objective     =          4840.008000
Initializing dual steep norms . . .
Root relaxation solution time = 0.00 sec. (0.27 ticks)

        Nodes                                         Cuts/
   Node  Left     Objective  IInf  Best Integer    Best Bound    ItCnt     Gap

*     0+    0                          142.0000     5050.0080              --- 
Found incumbent of value 142.000000 after 0.09 sec. (3.96 ticks)
      0     0      443.0000     6      142.0000      443.0000       32  211.97%
*     0     0      integral     0      443.0000      Cuts: 11       34    0.00%
Found incumbent of value 443.000000 after 0.09 sec. (4.44 ticks)
      0     0        cutoff            443.0000      443.0000       34    0.00%
Elapsed time = 0.09 sec. (4.44 ticks, tree = 0.00 MB, solutions = 2)

Flow cuts applied:  2
Mixed integer rounding cuts applied:  2
Multi commodity flow cuts applied:  1
Gomory fractional cuts applied:  6

Root node processing (before b&c):
  Real time             =    0.09 sec. (4.47 ticks)
Sequential b&c:
  Real time             =    0.00 sec. (0.00 ticks)
                          ------------
Total (root+branch&cut) =    0.09 sec. (4.47 ticks)
MIP status(101): integer optimal solution
Cplex Time: 0.09sec (det. 4.47 ticks)
Fixing integer variables, and solving final LP...
Tried aggregator 1 time.
LP Presolve eliminated 793 rows and 766 columns.
Aggregator did 38 substitutions.
All rows and columns eliminated.
Presolve time = 0.02 sec. (0.31 ticks)
Fixed MIP status(1): optimal
Cplex Time: 0.02sec (det. 0.59 ticks)

Proven optimal solution.

MIP Solution:          443.000000    (34 iterations, 0 nodes)
Final Solve:           443.000000    (0 iterations)

Best possible:         443.000000
Absolute gap:            0.000000
Relative gap:            0.000000

--- Restarting execution
--- Z_N3_MH12_RF1_OPT1_DF4_DV1_DL5_DU1_S1_MC1_Profit.gms(1069) 3 Mb
--- Reading solution for model MAX_PROFIT_2
--- Executing after solve: elapsed 0:00:02.486
--- Z_N3_MH12_RF1_OPT1_DF4_DV1_DL5_DU1_S1_MC1_Profit.gms(851) 3 Mb
--- Generating RMIP model MAX_PROFIT_2
--- Z_N3_MH12_RF1_OPT1_DF4_DV1_DL5_DU1_S1_MC1_Profit.gms(1142) 4 Mb
--- LOOPS run = run1
---       calc = calc4
---   831 rows  804 columns  2,109 non-zeroes
---   317 discrete-columns
--- Executing CPLEX: elapsed 0:00:02.533

IBM ILOG CPLEX   24.5.6 r55090 Released Nov 27, 2015 WEI x86 64bit/MS Windows 
--- GAMS/Cplex licensed for continuous and discrete problems.
Cplex 12.6.2.0

Reading data...
Starting Cplex...
Space for names approximately 0.05 Mb
Use option 'names no' to turn use of names off
Tried aggregator 1 time.
LP Presolve eliminated 394 rows and 390 columns.
Aggregator did 260 substitutions.
Reduced LP has 177 rows, 154 columns, and 592 nonzeros.
Presolve time = 0.00 sec. (0.48 ticks)

Iteration log . . .
Iteration:     1   Scaled dual infeas =          3693.000000
Iteration:    85   Scaled dual infeas =           119.599997
Iteration:   115   Dual objective     =          2230.000000
LP status(1): optimal
Cplex Time: 0.00sec (det. 1.86 ticks)

Optimal solution found.
Objective :         443.000000

--- Restarting execution
--- Z_N3_MH12_RF1_OPT1_DF4_DV1_DL5_DU1_S1_MC1_Profit.gms(1142) 3 Mb
--- Reading solution for model MAX_PROFIT_2
--- Executing after solve: elapsed 0:00:02.673
--- Z_N3_MH12_RF1_OPT1_DF4_DV1_DL5_DU1_S1_MC1_Profit.gms(851) 3 Mb
--- Generating MIP model MAX_PROFIT_2
--- Z_N3_MH12_RF1_OPT1_DF4_DV1_DL5_DU1_S1_MC1_Profit.gms(1069) 4 Mb
--- LOOPS run = run1
---       calc = calc5
---   831 rows  804 columns  2,109 non-zeroes
---   317 discrete-columns
--- Executing CPLEX: elapsed 0:00:02.736

IBM ILOG CPLEX   24.5.6 r55090 Released Nov 27, 2015 WEI x86 64bit/MS Windows 
--- GAMS/Cplex licensed for continuous and discrete problems.
Cplex 12.6.2.0

Reading data...
Starting Cplex...
Space for names approximately 0.05 Mb
Use option 'names no' to turn use of names off
Tried aggregator 7 times.
MIP Presolve eliminated 439 rows and 423 columns.
MIP Presolve modified 142 coefficients.
Aggregator did 310 substitutions.
Reduced MIP has 82 rows, 71 columns, and 240 nonzeros.
Reduced MIP has 30 binaries, 0 generals, 0 SOSs, and 0 indicators.
Presolve time = 0.01 sec. (2.43 ticks)
Found incumbent of value 243.000000 after 0.01 sec. (2.78 ticks)
Probing fixed 12 vars, tightened 27 bounds.
Probing time = 0.00 sec. (0.09 ticks)
Tried aggregator 3 times.
MIP Presolve eliminated 33 rows and 30 columns.
Aggregator did 6 substitutions.
Reduced MIP has 43 rows, 35 columns, and 128 nonzeros.
Reduced MIP has 16 binaries, 0 generals, 0 SOSs, and 0 indicators.
Presolve time = 0.00 sec. (0.23 ticks)
Probing time = 0.00 sec. (0.04 ticks)
Cover probing fixed 0 vars, tightened 1 bounds.
Tried aggregator 1 time.
Reduced MIP has 43 rows, 35 columns, and 128 nonzeros.
Reduced MIP has 16 binaries, 0 generals, 0 SOSs, and 0 indicators.
Presolve time = 0.00 sec. (0.08 ticks)
Probing time = 0.00 sec. (0.04 ticks)
Clique table members: 12.
MIP emphasis: balance optimality and feasibility.
MIP search method: dynamic search.
Parallel mode: none, using 1 thread.
Tried aggregator 1 time.
LP Presolve eliminated 14 rows and 0 columns.
Aggregator did 14 substitutions.
Reduced LP has 15 rows, 21 columns, and 72 nonzeros.
Presolve time = 0.02 sec. (0.03 ticks)
Initializing dual steep norms . . .

Iteration log . . .
Iteration:     1   Dual objective     =           847.005990
Initializing dual steep norms . . .
Root relaxation solution time = 0.02 sec. (0.07 ticks)

        Nodes                                         Cuts/
   Node  Left     Objective  IInf  Best Integer    Best Bound    ItCnt     Gap

*     0+    0                          245.0000      848.0060           246.12%
Found incumbent of value 245.000000 after 0.03 sec. (3.45 ticks)
*     0     0      integral     0      445.0000      445.0000        8    0.00%
Elapsed time = 0.03 sec. (3.47 ticks, tree = 0.00 MB, solutions = 2)
Found incumbent of value 445.000000 after 0.03 sec. (3.47 ticks)

Root node processing (before b&c):
  Real time             =    0.03 sec. (3.50 ticks)
Sequential b&c:
  Real time             =    0.00 sec. (0.00 ticks)
                          ------------
Total (root+branch&cut) =    0.03 sec. (3.50 ticks)
MIP status(101): integer optimal solution
Cplex Time: 0.05sec (det. 3.50 ticks)
Fixing integer variables, and solving final LP...
Tried aggregator 1 time.
LP Presolve eliminated 800 rows and 773 columns.
Aggregator did 31 substitutions.
All rows and columns eliminated.
Presolve time = 0.00 sec. (0.31 ticks)
Fixed MIP status(1): optimal
Cplex Time: 0.00sec (det. 0.59 ticks)

Proven optimal solution.

MIP Solution:          445.000000    (8 iterations, 0 nodes)
Final Solve:           445.000000    (0 iterations)

Best possible:         445.000000
Absolute gap:            0.000000
Relative gap:            0.000000

--- Restarting execution
--- Z_N3_MH12_RF1_OPT1_DF4_DV1_DL5_DU1_S1_MC1_Profit.gms(1069) 3 Mb
--- Reading solution for model MAX_PROFIT_2
--- Executing after solve: elapsed 0:00:02.845
--- Z_N3_MH12_RF1_OPT1_DF4_DV1_DL5_DU1_S1_MC1_Profit.gms(851) 3 Mb
--- Generating RMIP model MAX_PROFIT_2
--- Z_N3_MH12_RF1_OPT1_DF4_DV1_DL5_DU1_S1_MC1_Profit.gms(1142) 4 Mb
--- LOOPS run = run1
---       calc = calc5
---   831 rows  804 columns  2,109 non-zeroes
---   317 discrete-columns
--- Executing CPLEX: elapsed 0:00:02.892

IBM ILOG CPLEX   24.5.6 r55090 Released Nov 27, 2015 WEI x86 64bit/MS Windows 
--- GAMS/Cplex licensed for continuous and discrete problems.
Cplex 12.6.2.0

Reading data...
Starting Cplex...
Space for names approximately 0.05 Mb
Use option 'names no' to turn use of names off
Tried aggregator 1 time.
LP Presolve eliminated 433 rows and 431 columns.
Aggregator did 236 substitutions.
Reduced LP has 162 rows, 137 columns, and 540 nonzeros.
Presolve time = 0.00 sec. (0.48 ticks)

Iteration log . . .
Iteration:     1   Scaled dual infeas =          2607.100000
Iteration:    79   Scaled dual infeas =            59.499999
Iteration:    92   Dual objective     =          1238.500000
LP status(1): optimal
Cplex Time: 0.02sec (det. 1.66 ticks)

Optimal solution found.
Objective :         445.000000

--- Restarting execution
--- Z_N3_MH12_RF1_OPT1_DF4_DV1_DL5_DU1_S1_MC1_Profit.gms(1142) 3 Mb
--- Reading solution for model MAX_PROFIT_2
--- Executing after solve: elapsed 0:00:03.017
--- Z_N3_MH12_RF1_OPT1_DF4_DV1_DL5_DU1_S1_MC1_Profit.gms(851) 3 Mb
--- Generating MIP model MAX_PROFIT_2
--- Z_N3_MH12_RF1_OPT1_DF4_DV1_DL5_DU1_S1_MC1_Profit.gms(1069) 4 Mb
--- LOOPS run = run1
---       calc = calc6
---   831 rows  804 columns  2,109 non-zeroes
---   317 discrete-columns
--- Executing CPLEX: elapsed 0:00:03.063

IBM ILOG CPLEX   24.5.6 r55090 Released Nov 27, 2015 WEI x86 64bit/MS Windows 
--- GAMS/Cplex licensed for continuous and discrete problems.
Cplex 12.6.2.0

Reading data...
Starting Cplex...
Space for names approximately 0.05 Mb
Use option 'names no' to turn use of names off
Tried aggregator 8 times.
MIP Presolve eliminated 399 rows and 384 columns.
MIP Presolve modified 181 coefficients.
Aggregator did 351 substitutions.
Reduced MIP has 81 rows, 69 columns, and 237 nonzeros.
Reduced MIP has 29 binaries, 0 generals, 0 SOSs, and 0 indicators.
Presolve time = 0.00 sec. (2.71 ticks)
Found incumbent of value 344.000000 after 0.00 sec. (3.01 ticks)
Probing fixed 12 vars, tightened 25 bounds.
Probing time = 0.00 sec. (0.09 ticks)
Tried aggregator 3 times.
MIP Presolve eliminated 32 rows and 28 columns.
Aggregator did 6 substitutions.
Reduced MIP has 43 rows, 35 columns, and 128 nonzeros.
Reduced MIP has 16 binaries, 0 generals, 0 SOSs, and 0 indicators.
Presolve time = 0.08 sec. (0.22 ticks)
Probing time = 0.00 sec. (0.04 ticks)
Cover probing fixed 0 vars, tightened 1 bounds.
Tried aggregator 1 time.
Reduced MIP has 43 rows, 35 columns, and 128 nonzeros.
Reduced MIP has 16 binaries, 0 generals, 0 SOSs, and 0 indicators.
Presolve time = 0.00 sec. (0.08 ticks)
Probing time = 0.00 sec. (0.04 ticks)
Clique table members: 12.
MIP emphasis: balance optimality and feasibility.
MIP search method: dynamic search.
Parallel mode: none, using 1 thread.
Tried aggregator 1 time.
LP Presolve eliminated 14 rows and 0 columns.
Aggregator did 14 substitutions.
Reduced LP has 15 rows, 21 columns, and 72 nonzeros.
Presolve time = 0.00 sec. (0.03 ticks)
Initializing dual steep norms . . .

Iteration log . . .
Iteration:     1   Dual objective     =           847.005990
Initializing dual steep norms . . .
Root relaxation solution time = 0.01 sec. (0.07 ticks)

        Nodes                                         Cuts/
   Node  Left     Objective  IInf  Best Integer    Best Bound    ItCnt     Gap

*     0+    0                          345.0000      848.0060           145.80%
Found incumbent of value 345.000000 after 0.09 sec. (3.69 ticks)
*     0     0      integral     0      445.0000      445.0000        8    0.00%
Elapsed time = 0.09 sec. (3.70 ticks, tree = 0.00 MB, solutions = 2)
Found incumbent of value 445.000000 after 0.09 sec. (3.70 ticks)

Root node processing (before b&c):
  Real time             =    0.09 sec. (3.73 ticks)
Sequential b&c:
  Real time             =    0.00 sec. (0.00 ticks)
                          ------------
Total (root+branch&cut) =    0.09 sec. (3.73 ticks)
MIP status(101): integer optimal solution
Cplex Time: 0.09sec (det. 3.74 ticks)
Fixing integer variables, and solving final LP...
Tried aggregator 1 time.
LP Presolve eliminated 800 rows and 773 columns.
Aggregator did 31 substitutions.
All rows and columns eliminated.
Presolve time = 0.02 sec. (0.31 ticks)
Fixed MIP status(1): optimal
Cplex Time: 0.02sec (det. 0.59 ticks)

Proven optimal solution.

MIP Solution:          445.000000    (8 iterations, 0 nodes)
Final Solve:           445.000000    (0 iterations)

Best possible:         445.000000
Absolute gap:            0.000000
Relative gap:            0.000000

--- Restarting execution
--- Z_N3_MH12_RF1_OPT1_DF4_DV1_DL5_DU1_S1_MC1_Profit.gms(1069) 3 Mb
--- Reading solution for model MAX_PROFIT_2
--- Executing after solve: elapsed 0:00:03.219
--- Z_N3_MH12_RF1_OPT1_DF4_DV1_DL5_DU1_S1_MC1_Profit.gms(851) 3 Mb
--- Generating RMIP model MAX_PROFIT_2
--- Z_N3_MH12_RF1_OPT1_DF4_DV1_DL5_DU1_S1_MC1_Profit.gms(1142) 4 Mb
--- LOOPS run = run1
---       calc = calc6
---   831 rows  804 columns  2,109 non-zeroes
---   317 discrete-columns
--- Executing CPLEX: elapsed 0:00:03.266

IBM ILOG CPLEX   24.5.6 r55090 Released Nov 27, 2015 WEI x86 64bit/MS Windows 
--- GAMS/Cplex licensed for continuous and discrete problems.
Cplex 12.6.2.0

Reading data...
Starting Cplex...
Space for names approximately 0.05 Mb
Use option 'names no' to turn use of names off
Tried aggregator 1 time.
LP Presolve eliminated 386 rows and 387 columns.
Aggregator did 262 substitutions.
Reduced LP has 183 rows, 155 columns, and 617 nonzeros.
Presolve time = 0.00 sec. (0.49 ticks)

Iteration log . . .
Iteration:     1   Scaled dual infeas =          2613.100000
Iteration:    79   Scaled dual infeas =            79.699999
Iteration:    91   Dual objective     =          1041.000000
LP status(1): optimal
Cplex Time: 0.00sec (det. 1.67 ticks)

Optimal solution found.
Objective :         445.000000

--- Restarting execution
--- Z_N3_MH12_RF1_OPT1_DF4_DV1_DL5_DU1_S1_MC1_Profit.gms(1142) 3 Mb
--- Reading solution for model MAX_PROFIT_2
--- Executing after solve: elapsed 0:00:03.391
--- Z_N3_MH12_RF1_OPT1_DF4_DV1_DL5_DU1_S1_MC1_Profit.gms(851) 3 Mb
--- Generating MIP model MAX_PROFIT_2
--- Z_N3_MH12_RF1_OPT1_DF4_DV1_DL5_DU1_S1_MC1_Profit.gms(1069) 4 Mb
--- LOOPS run = run1
---       calc = calc7
---   831 rows  804 columns  2,109 non-zeroes
---   317 discrete-columns
--- Executing CPLEX: elapsed 0:00:03.440

IBM ILOG CPLEX   24.5.6 r55090 Released Nov 27, 2015 WEI x86 64bit/MS Windows 
--- GAMS/Cplex licensed for continuous and discrete problems.
Cplex 12.6.2.0

Reading data...
Starting Cplex...
Space for names approximately 0.05 Mb
Use option 'names no' to turn use of names off
Tried aggregator 6 times.
MIP Presolve eliminated 410 rows and 399 columns.
MIP Presolve modified 109 coefficients.
Aggregator did 307 substitutions.
Reduced MIP has 114 rows, 98 columns, and 339 nonzeros.
Reduced MIP has 42 binaries, 0 generals, 0 SOSs, and 0 indicators.
Presolve time = 0.00 sec. (2.19 ticks)
Found incumbent of value 195.000000 after 0.00 sec. (2.54 ticks)
Probing fixed 15 vars, tightened 42 bounds.
Probing time = 0.00 sec. (0.14 ticks)
Cover probing fixed 0 vars, tightened 3 bounds.
Tried aggregator 2 times.
MIP Presolve eliminated 46 rows and 37 columns.
Aggregator did 6 substitutions.
Reduced MIP has 62 rows, 55 columns, and 176 nonzeros.
Reduced MIP has 26 binaries, 0 generals, 0 SOSs, and 0 indicators.
Presolve time = 0.00 sec. (0.35 ticks)
Probing fixed 0 vars, tightened 1 bounds.
Probing time = 0.00 sec. (0.05 ticks)
Cover probing fixed 0 vars, tightened 3 bounds.
Tried aggregator 1 time.
MIP Presolve eliminated 5 rows and 3 columns.
Reduced MIP has 57 rows, 52 columns, and 165 nonzeros.
Reduced MIP has 25 binaries, 0 generals, 0 SOSs, and 0 indicators.
Presolve time = 0.00 sec. (0.12 ticks)
Probing time = 0.00 sec. (0.04 ticks)
Clique table members: 18.
MIP emphasis: balance optimality and feasibility.
MIP search method: dynamic search.
Parallel mode: none, using 1 thread.
Tried aggregator 1 time.
LP Presolve eliminated 17 rows and 1 columns.
Aggregator did 16 substitutions.
Reduced LP has 24 rows, 35 columns, and 97 nonzeros.
Presolve time = 0.00 sec. (0.04 ticks)
Initializing dual steep norms . . .

Iteration log . . .
Iteration:     1   Dual objective     =          1694.261970
Initializing dual steep norms . . .
Root relaxation solution time = 0.02 sec. (0.12 ticks)

        Nodes                                         Cuts/
   Node  Left     Objective  IInf  Best Integer    Best Bound    ItCnt     Gap

*     0+    0                          196.0000     1699.0120           766.84%
Found incumbent of value 196.000000 after 0.09 sec. (3.53 ticks)
      0     0      494.5000     1      196.0000      494.5000       21  152.30%
*     0+    0                          494.0000      494.5000             0.10%
Found incumbent of value 494.000000 after 0.09 sec. (3.60 ticks)
      0     0      494.5000     5      494.0000   Flowcuts: 1       27    0.10%
      0     1      494.5000     5      494.0000      494.5000       27    0.10%
Elapsed time = 0.09 sec. (4.35 ticks, tree = 0.00 MB, solutions = 2)

Flow cuts applied:  1

Root node processing (before b&c):
  Real time             =    0.09 sec. (4.37 ticks)
Sequential b&c:
  Real time             =    0.00 sec. (0.15 ticks)
                          ------------
Total (root+branch&cut) =    0.09 sec. (4.53 ticks)
MIP status(101): integer optimal solution
Cplex Time: 0.11sec (det. 4.53 ticks)
Fixing integer variables, and solving final LP...
Tried aggregator 1 time.
LP Presolve eliminated 801 rows and 774 columns.
Aggregator did 30 substitutions.
All rows and columns eliminated.
Presolve time = 0.00 sec. (0.31 ticks)
Fixed MIP status(1): optimal
Cplex Time: 0.00sec (det. 0.59 ticks)

Proven optimal solution.

MIP Solution:          494.000000    (38 iterations, 7 nodes)
Final Solve:           494.000000    (0 iterations)

Best possible:         494.000000
Absolute gap:            0.000000
Relative gap:            0.000000

--- Restarting execution
--- Z_N3_MH12_RF1_OPT1_DF4_DV1_DL5_DU1_S1_MC1_Profit.gms(1069) 3 Mb
--- Reading solution for model MAX_PROFIT_2
--- Executing after solve: elapsed 0:00:03.627
--- Z_N3_MH12_RF1_OPT1_DF4_DV1_DL5_DU1_S1_MC1_Profit.gms(851) 3 Mb
--- Generating RMIP model MAX_PROFIT_2
--- Z_N3_MH12_RF1_OPT1_DF4_DV1_DL5_DU1_S1_MC1_Profit.gms(1142) 4 Mb
--- LOOPS run = run1
---       calc = calc7
---   831 rows  804 columns  2,109 non-zeroes
---   317 discrete-columns
--- Executing CPLEX: elapsed 0:00:03.689

IBM ILOG CPLEX   24.5.6 r55090 Released Nov 27, 2015 WEI x86 64bit/MS Windows 
--- GAMS/Cplex licensed for continuous and discrete problems.
Cplex 12.6.2.0

Reading data...
Starting Cplex...
Space for names approximately 0.05 Mb
Use option 'names no' to turn use of names off
Tried aggregator 1 time.
LP Presolve eliminated 432 rows and 428 columns.
Aggregator did 233 substitutions.
Reduced LP has 166 rows, 143 columns, and 543 nonzeros.
Presolve time = 0.00 sec. (0.47 ticks)

Iteration log . . .
Iteration:     1   Scaled dual infeas =          3489.000000
Iteration:    84   Scaled dual infeas =            59.699999
Iteration:   108   Dual objective     =          2283.000000
LP status(1): optimal
Cplex Time: 0.00sec (det. 1.72 ticks)

Optimal solution found.
Objective :         494.500000

--- Restarting execution
--- Z_N3_MH12_RF1_OPT1_DF4_DV1_DL5_DU1_S1_MC1_Profit.gms(1142) 3 Mb
--- Reading solution for model MAX_PROFIT_2
--- Executing after solve: elapsed 0:00:03.752
--- Z_N3_MH12_RF1_OPT1_DF4_DV1_DL5_DU1_S1_MC1_Profit.gms(851) 3 Mb
--- Generating MIP model MAX_PROFIT_2
--- Z_N3_MH12_RF1_OPT1_DF4_DV1_DL5_DU1_S1_MC1_Profit.gms(1069) 4 Mb
--- LOOPS run = run1
---       calc = calc8
---   831 rows  804 columns  2,109 non-zeroes
---   317 discrete-columns
--- Executing CPLEX: elapsed 0:00:03.799

IBM ILOG CPLEX   24.5.6 r55090 Released Nov 27, 2015 WEI x86 64bit/MS Windows 
--- GAMS/Cplex licensed for continuous and discrete problems.
Cplex 12.6.2.0

Reading data...
Starting Cplex...
Space for names approximately 0.05 Mb
Use option 'names no' to turn use of names off
Tried aggregator 7 times.
MIP Presolve eliminated 379 rows and 366 columns.
MIP Presolve modified 150 coefficients.
Aggregator did 344 substitutions.
Reduced MIP has 108 rows, 94 columns, and 320 nonzeros.
Reduced MIP has 40 binaries, 0 generals, 0 SOSs, and 0 indicators.
Presolve time = 0.00 sec. (2.52 ticks)
Found incumbent of value 195.000000 after 0.00 sec. (2.84 ticks)
Probing fixed 15 vars, tightened 40 bounds.
Probing time = 0.00 sec. (0.13 ticks)
Cover probing fixed 0 vars, tightened 3 bounds.
Tried aggregator 2 times.
MIP Presolve eliminated 46 rows and 39 columns.
Aggregator did 6 substitutions.
Reduced MIP has 56 rows, 49 columns, and 157 nonzeros.
Reduced MIP has 22 binaries, 0 generals, 0 SOSs, and 0 indicators.
Presolve time = 0.00 sec. (0.29 ticks)
Probing time = 0.00 sec. (0.05 ticks)
Cover probing fixed 0 vars, tightened 3 bounds.
Tried aggregator 1 time.
MIP Presolve eliminated 4 rows and 2 columns.
Reduced MIP has 52 rows, 47 columns, and 149 nonzeros.
Reduced MIP has 22 binaries, 0 generals, 0 SOSs, and 0 indicators.
Presolve time = 0.00 sec. (0.10 ticks)
Probing time = 0.00 sec. (0.04 ticks)
Clique table members: 17.
MIP emphasis: balance optimality and feasibility.
MIP search method: dynamic search.
Parallel mode: none, using 1 thread.
Tried aggregator 1 time.
LP Presolve eliminated 15 rows and 0 columns.
Aggregator did 15 substitutions.
Reduced LP has 22 rows, 32 columns, and 89 nonzeros.
Presolve time = 0.00 sec. (0.04 ticks)
Initializing dual steep norms . . .

Iteration log . . .
Iteration:     1   Dual objective     =          1694.261970
Initializing dual steep norms . . .
Root relaxation solution time = 0.02 sec. (0.11 ticks)

        Nodes                                         Cuts/
   Node  Left     Objective  IInf  Best Integer    Best Bound    ItCnt     Gap

*     0+    0                          197.0000     1699.0120           762.44%
Found incumbent of value 197.000000 after 0.08 sec. (3.72 ticks)
      0     0      494.5000     1      197.0000      494.5000       21  151.02%
*     0+    0                          494.0000      494.5000             0.10%
Found incumbent of value 494.000000 after 0.08 sec. (3.78 ticks)
      0     0        cutoff            494.0000                     21    0.00%
Elapsed time = 0.08 sec. (3.87 ticks, tree = 0.00 MB, solutions = 2)

Root node processing (before b&c):
  Real time             =    0.08 sec. (3.90 ticks)
Sequential b&c:
  Real time             =    0.00 sec. (0.00 ticks)
                          ------------
Total (root+branch&cut) =    0.08 sec. (3.90 ticks)
MIP status(101): integer optimal solution
Cplex Time: 0.09sec (det. 3.90 ticks)
Fixing integer variables, and solving final LP...
Tried aggregator 1 time.
LP Presolve eliminated 801 rows and 774 columns.
Aggregator did 30 substitutions.
All rows and columns eliminated.
Presolve time = 0.00 sec. (0.31 ticks)
Fixed MIP status(1): optimal
Cplex Time: 0.00sec (det. 0.59 ticks)

Proven optimal solution.

MIP Solution:          494.000000    (21 iterations, 0 nodes)
Final Solve:           494.000000    (0 iterations)

Best possible:         494.000000
Absolute gap:            0.000000
Relative gap:            0.000000

--- Restarting execution
--- Z_N3_MH12_RF1_OPT1_DF4_DV1_DL5_DU1_S1_MC1_Profit.gms(1069) 3 Mb
--- Reading solution for model MAX_PROFIT_2
--- Executing after solve: elapsed 0:00:03.955
--- Z_N3_MH12_RF1_OPT1_DF4_DV1_DL5_DU1_S1_MC1_Profit.gms(851) 3 Mb
--- Generating RMIP model MAX_PROFIT_2
--- Z_N3_MH12_RF1_OPT1_DF4_DV1_DL5_DU1_S1_MC1_Profit.gms(1142) 4 Mb
--- LOOPS run = run1
---       calc = calc8
---   831 rows  804 columns  2,109 non-zeroes
---   317 discrete-columns
--- Executing CPLEX: elapsed 0:00:04.017

IBM ILOG CPLEX   24.5.6 r55090 Released Nov 27, 2015 WEI x86 64bit/MS Windows 
--- GAMS/Cplex licensed for continuous and discrete problems.
Cplex 12.6.2.0

Reading data...
Starting Cplex...
Space for names approximately 0.05 Mb
Use option 'names no' to turn use of names off
Tried aggregator 1 time.
LP Presolve eliminated 391 rows and 388 columns.
Aggregator did 256 substitutions.
Reduced LP has 184 rows, 160 columns, and 613 nonzeros.
Presolve time = 0.00 sec. (0.48 ticks)

Iteration log . . .
Iteration:     1   Scaled dual infeas =          3494.100000
Iteration:    84   Scaled dual infeas =            80.099999
Iteration:   109   Dual objective     =          1291.500000
LP status(1): optimal
Cplex Time: 0.00sec (det. 1.69 ticks)

Optimal solution found.
Objective :         494.500000

--- Restarting execution
--- Z_N3_MH12_RF1_OPT1_DF4_DV1_DL5_DU1_S1_MC1_Profit.gms(1142) 3 Mb
--- Reading solution for model MAX_PROFIT_2
--- Executing after solve: elapsed 0:00:04.126
--- Z_N3_MH12_RF1_OPT1_DF4_DV1_DL5_DU1_S1_MC1_Profit.gms(1251) 4 Mb
--- GDX File C:\Users\dhruv\Box Sync\Work\Codes\GAMS_Code_Paper1\Z_N3_MH12_RF1_OPT1_DF4_DV1_DL5_DU1_S1_MC1_Profit.gdx
--- Z_N3_MH12_RF1_OPT1_DF4_DV1_DL5_DU1_S1_MC1_Profit.gms(1255) 4 Mb

GDXXRW           24.5.6 r55090 Released Nov 27, 2015 VS8 x86 32bit/MS Windows 
Input file : C:\Users\dhruv\Box Sync\Work\Codes\GAMS_Code_Paper1\Z_N3_MH12_RF1_OPT1_DF4_DV1_DL5_DU1_S1_MC1_Profit.gdx
Output file: C:\Users\dhruv\Box Sync\Work\Codes\GAMS_Code_Paper1\Z_N3_MH12_RF1_OPT1_DF4_DV1_DL5_DU1_S1_MC1_Profit_Gantt_CL.xlsx
Adding new sheet: BatchSize
Adding new sheet: StartTime
Adding new sheet: Inventory
Adding new sheet: EndTime
Total time = 1326 Ms
*** Status: Normal completion
--- Job Z_N3_MH12_RF1_OPT1_DF4_DV1_DL5_DU1_S1_MC1_Profit.gms Stop 04/20/16 14:23:50 elapsed 0:00:05.608
