
--- Job study_HorizonEffect.gms Start 10/05/16 16:59:14 24.5.6 r55090 WEX-WEI x86 64bit/MS Windows
GAMS 24.5.6   Copyright (C) 1987-2015 GAMS Development. All rights reserved
Licensee: Medium MUD - 10 User License                   G160923:1323AO-GEN
          University of Wisconsin - Madison, Department of Chemical &DC4923
          License for teaching and research at degree granting institutions
          License_Admin:_Ho_T._Jae_Lee,_hlee558@wisc.edu___________________
--- Starting compilation
--- study_HorizonEffect.gms(56) 3 Mb 3 Errors
*** Error   7 in C:\Users\dhruv\Box Sync\Work\Codes\GAMS_Code\study_HorizonEffect.gms
    '(' expected
*** Error  10 in C:\Users\dhruv\Box Sync\Work\Codes\GAMS_Code\study_HorizonEffect.gms
    ',' expected
*** Error 140 in C:\Users\dhruv\Box Sync\Work\Codes\GAMS_Code\study_HorizonEffect.gms
    Unknown symbol
--- study_HorizonEffect.gms(57) 3 Mb 4 Errors
*** Error  36 in C:\Users\dhruv\Box Sync\Work\Codes\GAMS_Code\study_HorizonEffect.gms
    '=' or '..' or ':=' or '$=' operator expected
    rest of statement ignored
--- study_HorizonEffect.gms(60) 3 Mb 5 Errors
*** Error 349 in C:\Users\dhruv\Box Sync\Work\Codes\GAMS_Code\study_HorizonEffect.gms
    Declaration not allowed inside a LOOP or IF statement
--- study_HorizonEffect.gms(72) 3 Mb 6 Errors
*** Error 140 in C:\Users\dhruv\Box Sync\Work\Codes\GAMS_Code\study_HorizonEffect.gms
    Unknown symbol
--- study_HorizonEffect.gms(79) 3 Mb 7 Errors
*** Error 349 in C:\Users\dhruv\Box Sync\Work\Codes\GAMS_Code\study_HorizonEffect.gms
    Declaration not allowed inside a LOOP or IF statement
--- study_HorizonEffect.gms(83) 3 Mb 8 Errors
*** Error 349 in C:\Users\dhruv\Box Sync\Work\Codes\GAMS_Code\study_HorizonEffect.gms
    Declaration not allowed inside a LOOP or IF statement
--- study_HorizonEffect.gms(89) 3 Mb 9 Errors
*** Error 349 in C:\Users\dhruv\Box Sync\Work\Codes\GAMS_Code\study_HorizonEffect.gms
    Declaration not allowed inside a LOOP or IF statement
--- study_HorizonEffect.gms(94) 3 Mb 10 Errors
*** Error 349 in C:\Users\dhruv\Box Sync\Work\Codes\GAMS_Code\study_HorizonEffect.gms
    Declaration not allowed inside a LOOP or IF statement
--- study_HorizonEffect.gms(98) 3 Mb 11 Errors
*** Error 349 in C:\Users\dhruv\Box Sync\Work\Codes\GAMS_Code\study_HorizonEffect.gms
    Declaration not allowed inside a LOOP or IF statement
--- study_HorizonEffect.gms(104) 3 Mb 12 Errors
*** Error 349 in C:\Users\dhruv\Box Sync\Work\Codes\GAMS_Code\study_HorizonEffect.gms
    Declaration not allowed inside a LOOP or IF statement
--- study_HorizonEffect.gms(108) 3 Mb 13 Errors
*** Error 349 in C:\Users\dhruv\Box Sync\Work\Codes\GAMS_Code\study_HorizonEffect.gms
    Declaration not allowed inside a LOOP or IF statement
--- study_HorizonEffect.gms(121) 3 Mb 15 Errors
*** Error 767 in C:\Users\dhruv\Box Sync\Work\Codes\GAMS_Code\study_HorizonEffect.gms
    Unexpected symbol will terminate the loop - symbol replaced by )
*** Error 299 in C:\Users\dhruv\Box Sync\Work\Codes\GAMS_Code\study_HorizonEffect.gms
    Unexpected end of file
--- study_HorizonEffect.gms(121) 3 Mb 15 Errors
*** Status: Compilation error(s)
--- Job study_HorizonEffect.gms Stop 10/05/16 16:59:14 elapsed 0:00:00.140
Exit code = 2
